#! /c/Source/iverilog-install/bin/vvp
:ivl_version "12.0 (devel)" "(s20150603-1539-g2693dd32b)";
:ivl_delay_selection "TYPICAL";
:vpi_time_precision + 0;
:vpi_module "C:\iverilog\lib\ivl\system.vpi";
:vpi_module "C:\iverilog\lib\ivl\vhdl_sys.vpi";
:vpi_module "C:\iverilog\lib\ivl\vhdl_textio.vpi";
:vpi_module "C:\iverilog\lib\ivl\v2005_math.vpi";
:vpi_module "C:\iverilog\lib\ivl\va_math.vpi";
:vpi_module "C:\iverilog\lib\ivl\v2009.vpi";
S_000001d1bc8e5b10 .scope package, "$unit" "$unit" 2 1;
 .timescale 0 0;
S_000001d1bc8e5ca0 .scope module, "testbench" "testbench" 3 3;
 .timescale 0 0;
v000001d1bc93ae60_0 .var "a", 0 0;
v000001d1bc93a0a0_0 .var "b", 0 0;
v000001d1bc93a140_0 .var/2s "i", 31 0;
v000001d1bc93a1e0_0 .var/2s "j", 31 0;
v000001d1bc93a3c0_0 .net "o", 0 0, L_000001d1bc9949e0;  1 drivers
S_000001d1bc82e120 .scope module, "inst" "xor_gate_using_mux" 3 8, 4 23 0, S_000001d1bc8e5ca0;
 .timescale 0 0;
    .port_info 0 /INPUT 1 "a";
    .port_info 1 /INPUT 1 "b";
    .port_info 2 /OUTPUT 1 "o";
L_000001d1bc93c478 .functor BUFT 1, C4<00000000000000000000000000000000>, C4<0>, C4<0>, C4<0>;
v000001d1bc93abe0_0 .net/2s *"_ivl_0", 31 0, L_000001d1bc93c478;  1 drivers
L_000001d1bc93c550 .functor BUFT 1, C4<00000000000000000000000000000000>, C4<0>, C4<0>, C4<0>;
v000001d1bc93a960_0 .net/2s *"_ivl_12", 31 0, L_000001d1bc93c550;  1 drivers
L_000001d1bc93c4c0 .functor BUFT 1, C4<00000000000000000000000000000001>, C4<0>, C4<0>, C4<0>;
v000001d1bc93afa0_0 .net/2s *"_ivl_4", 31 0, L_000001d1bc93c4c0;  1 drivers
L_000001d1bc93c508 .functor BUFT 1, C4<00000000000000000000000000000001>, C4<0>, C4<0>, C4<0>;
v000001d1bc93a640_0 .net/2s *"_ivl_8", 31 0, L_000001d1bc93c508;  1 drivers
v000001d1bc93adc0_0 .net "a", 0 0, v000001d1bc93ae60_0;  1 drivers
v000001d1bc93a280_0 .net "b", 0 0, v000001d1bc93a0a0_0;  1 drivers
v000001d1bc93ad20_0 .net "mux1_res", 0 0, L_000001d1bc93a460;  1 drivers
v000001d1bc93aa00_0 .net "mux2_res", 0 0, L_000001d1bc93a820;  1 drivers
v000001d1bc93a6e0_0 .net "o", 0 0, L_000001d1bc9949e0;  alias, 1 drivers
L_000001d1bc93a500 .part L_000001d1bc93c478, 0, 1;
L_000001d1bc93a5a0 .part L_000001d1bc93c4c0, 0, 1;
L_000001d1bc93a8c0 .part L_000001d1bc93c508, 0, 1;
L_000001d1bc9944e0 .part L_000001d1bc93c550, 0, 1;
S_000001d1bc82e2b0 .scope module, "mux1" "mux" 4 32, 4 5 0, S_000001d1bc82e120;
 .timescale 0 0;
    .port_info 0 /INPUT 1 "d0";
    .port_info 1 /INPUT 1 "d1";
    .port_info 2 /INPUT 1 "sel";
    .port_info 3 /OUTPUT 1 "y";
v000001d1bc8dbd60_0 .net "d0", 0 0, L_000001d1bc93a500;  1 drivers
v000001d1bc8dbf00_0 .net "d1", 0 0, L_000001d1bc93a5a0;  1 drivers
v000001d1bc82e440_0 .net "sel", 0 0, v000001d1bc93ae60_0;  alias, 1 drivers
v000001d1bc82e4e0_0 .net "y", 0 0, L_000001d1bc93a460;  alias, 1 drivers
L_000001d1bc93a460 .functor MUXZ 1, L_000001d1bc93a500, L_000001d1bc93a5a0, v000001d1bc93ae60_0, C4<>;
S_000001d1bc8e4b20 .scope module, "mux2" "mux" 4 33, 4 5 0, S_000001d1bc82e120;
 .timescale 0 0;
    .port_info 0 /INPUT 1 "d0";
    .port_info 1 /INPUT 1 "d1";
    .port_info 2 /INPUT 1 "sel";
    .port_info 3 /OUTPUT 1 "y";
v000001d1bc8e5e30_0 .net "d0", 0 0, L_000001d1bc93a8c0;  1 drivers
v000001d1bc8e5ed0_0 .net "d1", 0 0, L_000001d1bc9944e0;  1 drivers
v000001d1bc93a780_0 .net "sel", 0 0, v000001d1bc93ae60_0;  alias, 1 drivers
v000001d1bc93aaa0_0 .net "y", 0 0, L_000001d1bc93a820;  alias, 1 drivers
L_000001d1bc93a820 .functor MUXZ 1, L_000001d1bc93a8c0, L_000001d1bc9944e0, v000001d1bc93ae60_0, C4<>;
S_000001d1bc8de940 .scope module, "mux_final" "mux" 4 34, 4 5 0, S_000001d1bc82e120;
 .timescale 0 0;
    .port_info 0 /INPUT 1 "d0";
    .port_info 1 /INPUT 1 "d1";
    .port_info 2 /INPUT 1 "sel";
    .port_info 3 /OUTPUT 1 "y";
v000001d1bc93af00_0 .net "d0", 0 0, L_000001d1bc93a460;  alias, 1 drivers
v000001d1bc93a320_0 .net "d1", 0 0, L_000001d1bc93a820;  alias, 1 drivers
v000001d1bc93ac80_0 .net "sel", 0 0, v000001d1bc93a0a0_0;  alias, 1 drivers
v000001d1bc93ab40_0 .net "y", 0 0, L_000001d1bc9949e0;  alias, 1 drivers
L_000001d1bc9949e0 .functor MUXZ 1, L_000001d1bc93a460, L_000001d1bc93a820, v000001d1bc93a0a0_0, C4<>;
    .scope S_000001d1bc8e5ca0;
T_0 ;
    %pushi/vec4 0, 0, 32;
    %store/vec4 v000001d1bc93a140_0, 0, 32;
T_0.0 ;
    %load/vec4 v000001d1bc93a140_0;
    %cmpi/s 1, 0, 32;
    %flag_or 5, 4;
    %jmp/0xz T_0.1, 5;
    %pushi/vec4 0, 0, 32;
    %store/vec4 v000001d1bc93a1e0_0, 0, 32;
T_0.2 ;
    %load/vec4 v000001d1bc93a1e0_0;
    %cmpi/s 1, 0, 32;
    %flag_or 5, 4;
    %jmp/0xz T_0.3, 5;
    %load/vec4 v000001d1bc93a140_0;
    %pad/s 1;
    %store/vec4 v000001d1bc93ae60_0, 0, 1;
    %load/vec4 v000001d1bc93a1e0_0;
    %pad/s 1;
    %store/vec4 v000001d1bc93a0a0_0, 0, 1;
    %delay 1, 0;
    %load/vec4 v000001d1bc93a3c0_0;
    %load/vec4 v000001d1bc93ae60_0;
    %load/vec4 v000001d1bc93a0a0_0;
    %xor;
    %cmp/ne;
    %jmp/0xz  T_0.4, 6;
    %vpi_call/w 3 22 "$display", "FAIL %s", "01_11_xor_gate_using_mux/testbench.sv" {0 0 0};
    %vpi_func/s 3 23 "$sformatf", "a:%h", v000001d1bc93ae60_0 {0 0 0};
    %vpi_func/s 3 23 "$sformatf", "b:%h", v000001d1bc93a0a0_0 {0 0 0};
    %vpi_func/s 3 23 "$sformatf", "i:%h", v000001d1bc93a140_0 {0 0 0};
    %vpi_func/s 3 23 "$sformatf", "j:%h", v000001d1bc93a1e0_0 {0 0 0};
    %vpi_call/w 3 23 "$display", "++ INPUT    => {%s, %s, %s, %s}", S<3,str>, S<2,str>, S<1,str>, S<0,str> {0 0 4};
    %load/vec4 v000001d1bc93ae60_0;
    %load/vec4 v000001d1bc93a0a0_0;
    %xor;
    %vpi_func/s 3 24 "$sformatf", "a^b:%h", S<0,vec4,u1> {1 0 0};
    %vpi_call/w 3 24 "$display", "++ EXPECTED => {%s}", S<0,str> {0 0 1};
    %vpi_func/s 3 25 "$sformatf", "o:%h", v000001d1bc93a3c0_0 {0 0 0};
    %vpi_call/w 3 25 "$display", "++ ACTUAL   => {%s}", S<0,str> {0 0 1};
    %vpi_call/w 3 26 "$finish", 32'sb00000000000000000000000000000001 {0 0 0};
T_0.4 ;
    ; show_stmt_assign_vector: Get l-value for compressed += operand
    %load/vec4 v000001d1bc93a1e0_0;
    %pushi/vec4 1, 0, 32;
    %add;
    %cast2;
    %store/vec4 v000001d1bc93a1e0_0, 0, 32;
    %jmp T_0.2;
T_0.3 ;
    ; show_stmt_assign_vector: Get l-value for compressed += operand
    %load/vec4 v000001d1bc93a140_0;
    %pushi/vec4 1, 0, 32;
    %add;
    %cast2;
    %store/vec4 v000001d1bc93a140_0, 0, 32;
    %jmp T_0.0;
T_0.1 ;
    %vpi_call/w 3 30 "$display", "PASS %s", "01_11_xor_gate_using_mux/testbench.sv" {0 0 0};
    %vpi_call/w 3 31 "$finish" {0 0 0};
    %end;
    .thread T_0;
# The file index is used to find the file name in the following table.
:file_names 5;
    "N/A";
    "<interactive>";
    "-";
    "01_11_xor_gate_using_mux/testbench.sv";
    "01_11_xor_gate_using_mux/01_11_xor_gate_using_mux.sv";
