#! /c/Source/iverilog-install/bin/vvp
:ivl_version "12.0 (devel)" "(s20150603-1539-g2693dd32b)";
:ivl_delay_selection "TYPICAL";
:vpi_time_precision + 0;
:vpi_module "C:\iverilog\lib\ivl\system.vpi";
:vpi_module "C:\iverilog\lib\ivl\vhdl_sys.vpi";
:vpi_module "C:\iverilog\lib\ivl\vhdl_textio.vpi";
:vpi_module "C:\iverilog\lib\ivl\v2005_math.vpi";
:vpi_module "C:\iverilog\lib\ivl\va_math.vpi";
:vpi_module "C:\iverilog\lib\ivl\v2009.vpi";
S_0000016a4b6b06d0 .scope package, "$unit" "$unit" 2 1;
 .timescale 0 0;
S_0000016a4b6b4310 .scope module, "testbench" "testbench" 3 1;
 .timescale 0 0;
P_0000016a4b6b44a0 .param/l "allow_push_when_full_with_pop" 1 3 5, +C4<00000000000000000000000000000001>;
P_0000016a4b6b44d8 .param/l "fifo_depth" 1 3 4, +C4<00000000000000000000000000000101>;
P_0000016a4b6b4510 .param/l "fifo_width" 1 3 3, +C4<00000000000000000000000000001000>;
v0000016a4b731360_0 .var "clk", 0 0;
v0000016a4b7308c0_0 .net "empty", 0 0, L_0000016a4b7314a0;  1 drivers
v0000016a4b7312c0_0 .net "full", 0 0, L_0000016a4b730d20;  1 drivers
v0000016a4b730460_0 .var "pop", 0 0;
v0000016a4b7317c0_0 .var "push", 0 0;
v0000016a4b7305a0_0 .net "read_data", 7 0, L_0000016a4b6d3d20;  1 drivers
v0000016a4b730b40_0 .var "rst", 0 0;
v0000016a4b72fa60_0 .var "write_data", 7 0;
S_0000016a4b6aa9d0 .scope begin, "$ivl_for_loop1" "$ivl_for_loop1" 3 81, 3 81 0, S_0000016a4b6b4310;
 .timescale 0 0;
v0000016a4b6d9980_0 .var/2s "i", 31 0;
E_0000016a4b6ad060 .event posedge, v0000016a4b6d92a0_0;
S_0000016a4b6aab60 .scope begin, "$ivl_for_loop2" "$ivl_for_loop2" 3 102, 3 102 0, S_0000016a4b6b4310;
 .timescale 0 0;
v0000016a4b6d9a20_0 .var/2s "i", 31 0;
S_0000016a4b6bdd60 .scope begin, "$ivl_for_loop3" "$ivl_for_loop3" 3 111, 3 111 0, S_0000016a4b6b4310;
 .timescale 0 0;
v0000016a4b6d9f20_0 .var/2s "i", 31 0;
S_0000016a4b6bdef0 .scope module, "monitor" "fifo_monitor" 3 33, 4 1 0, S_0000016a4b6b4310;
 .timescale 0 0;
    .port_info 0 /INPUT 1 "clk";
    .port_info 1 /INPUT 1 "rst";
    .port_info 2 /INPUT 1 "push";
    .port_info 3 /INPUT 1 "pop";
    .port_info 4 /INPUT 8 "write_data";
    .port_info 5 /INPUT 8 "read_data";
    .port_info 6 /INPUT 1 "empty";
    .port_info 7 /INPUT 1 "full";
P_0000016a4b6aee60 .param/l "allow_push_when_full_with_pop" 0 4 5, +C4<00000000000000000000000000000001>;
P_0000016a4b6aee98 .param/l "depth" 0 4 4, +C4<00000000000000000000000000000101>;
P_0000016a4b6aeed0 .param/l "width" 0 4 3, +C4<00000000000000000000000000001000>;
v0000016a4b6d92a0_0 .net "clk", 0 0, v0000016a4b731360_0;  1 drivers
v0000016a4b6d9700_0 .net "empty", 0 0, L_0000016a4b7314a0;  alias, 1 drivers
v0000016a4b6d9020_0 .net "full", 0 0, L_0000016a4b730d20;  alias, 1 drivers
v0000016a4b6d9c00_0 .net "pop", 0 0, v0000016a4b730460_0;  1 drivers
v0000016a4b6d9340_0 .net "push", 0 0, v0000016a4b7317c0_0;  1 drivers
v0000016a4b6d93e0_0 .var/queue "queue", 8;
v0000016a4b6d9160_0 .net "read_data", 7 0, L_0000016a4b6d3d20;  alias, 1 drivers
v0000016a4b6d95c0_0 .net "rst", 0 0, v0000016a4b730b40_0;  1 drivers
v0000016a4b6d9480_0 .var "was_reset", 0 0;
v0000016a4b6d9200_0 .net "write_data", 7 0, v0000016a4b72fa60_0;  1 drivers
S_0000016a4b682ae0 .scope begin, "$ivl_for_loop0" "$ivl_for_loop0" 4 103, 4 103 0, S_0000016a4b6bdef0;
 .timescale 0 0;
v0000016a4b6d90c0_0 .var/2s "i", 31 0;
S_0000016a4b682c70 .scope module, "rtl" "flip_flop_fifo_with_counter" 3 25, 5 5 0, S_0000016a4b6b4310;
 .timescale 0 0;
    .port_info 0 /INPUT 1 "clk";
    .port_info 1 /INPUT 1 "rst";
    .port_info 2 /INPUT 1 "push";
    .port_info 3 /INPUT 1 "pop";
    .port_info 4 /INPUT 8 "write_data";
    .port_info 5 /OUTPUT 8 "read_data";
    .port_info 6 /OUTPUT 1 "empty";
    .port_info 7 /OUTPUT 1 "full";
P_0000016a4b6a7c90 .param/l "counter_width" 1 5 23, +C4<00000000000000000000000000000011>;
P_0000016a4b6a7cc8 .param/l "depth" 0 5 7, +C4<00000000000000000000000000000101>;
P_0000016a4b6a7d00 .param/l "max_ptr" 1 5 25, +C4<100>;
P_0000016a4b6a7d38 .param/l "pointer_width" 1 5 22, +C4<00000000000000000000000000000011>;
P_0000016a4b6a7d70 .param/l "width" 0 5 7, +C4<00000000000000000000000000001000>;
L_0000016a4b6d3d20 .functor BUFZ 8, L_0000016a4b730780, C4<00000000>, C4<00000000>, C4<00000000>;
v0000016a4b6d9520_0 .net *"_ivl_0", 7 0, L_0000016a4b730780;  1 drivers
L_0000016a4b7f0118 .functor BUFT 1, C4<101>, C4<0>, C4<0>, C4<0>;
v0000016a4b6d9840_0 .net/2u *"_ivl_12", 2 0, L_0000016a4b7f0118;  1 drivers
v0000016a4b6d9b60_0 .net *"_ivl_2", 3 0, L_0000016a4b730640;  1 drivers
L_0000016a4b7f0088 .functor BUFT 1, C4<0>, C4<0>, C4<0>, C4<0>;
v0000016a4b6d9ca0_0 .net *"_ivl_5", 0 0, L_0000016a4b7f0088;  1 drivers
L_0000016a4b7f00d0 .functor BUFT 1, C4<000>, C4<0>, C4<0>, C4<0>;
v0000016a4b6d9660_0 .net/2u *"_ivl_8", 2 0, L_0000016a4b7f00d0;  1 drivers
v0000016a4b6d9d40_0 .net "clk", 0 0, v0000016a4b731360_0;  alias, 1 drivers
v0000016a4b6d97a0_0 .var "cnt", 2 0;
v0000016a4b6d98e0 .array "data", 4 0, 7 0;
v0000016a4b6d9ac0_0 .net "empty", 0 0, L_0000016a4b7314a0;  alias, 1 drivers
v0000016a4b6d9de0_0 .net "full", 0 0, L_0000016a4b730d20;  alias, 1 drivers
v0000016a4b6d9e80_0 .net "pop", 0 0, v0000016a4b730460_0;  alias, 1 drivers
v0000016a4b730960_0 .net "push", 0 0, v0000016a4b7317c0_0;  alias, 1 drivers
v0000016a4b730a00_0 .var "rd_ptr", 2 0;
v0000016a4b7301e0_0 .net "read_data", 7 0, L_0000016a4b6d3d20;  alias, 1 drivers
v0000016a4b731180_0 .net "rst", 0 0, v0000016a4b730b40_0;  alias, 1 drivers
v0000016a4b730500_0 .var "wr_ptr", 2 0;
v0000016a4b731400_0 .net "write_data", 7 0, v0000016a4b72fa60_0;  alias, 1 drivers
E_0000016a4b6ad2e0 .event posedge, v0000016a4b6d95c0_0, v0000016a4b6d92a0_0;
L_0000016a4b730780 .array/port v0000016a4b6d98e0, L_0000016a4b730640;
L_0000016a4b730640 .concat [ 3 1 0 0], v0000016a4b730a00_0, L_0000016a4b7f0088;
L_0000016a4b7314a0 .cmp/eq 3, v0000016a4b6d97a0_0, L_0000016a4b7f00d0;
L_0000016a4b730d20 .cmp/eq 3, v0000016a4b6d97a0_0, L_0000016a4b7f0118;
    .scope S_0000016a4b682c70;
T_0 ;
    %wait E_0000016a4b6ad2e0;
    %load/vec4 v0000016a4b731180_0;
    %flag_set/vec4 8;
    %jmp/0xz  T_0.0, 8;
    %pushi/vec4 0, 0, 3;
    %assign/vec4 v0000016a4b730500_0, 0;
    %jmp T_0.1;
T_0.0 ;
    %load/vec4 v0000016a4b730960_0;
    %flag_set/vec4 8;
    %jmp/0xz  T_0.2, 8;
    %load/vec4 v0000016a4b730500_0;
    %cmpi/e 4, 0, 3;
    %flag_mov 8, 4;
    %jmp/0 T_0.4, 8;
    %pushi/vec4 0, 0, 3;
    %jmp/1 T_0.5, 8;
T_0.4 ; End of true expr.
    %load/vec4 v0000016a4b730500_0;
    %addi 1, 0, 3;
    %jmp/0 T_0.5, 8;
 ; End of false expr.
    %blend;
T_0.5;
    %assign/vec4 v0000016a4b730500_0, 0;
T_0.2 ;
T_0.1 ;
    %jmp T_0;
    .thread T_0;
    .scope S_0000016a4b682c70;
T_1 ;
    %wait E_0000016a4b6ad2e0;
    %load/vec4 v0000016a4b731180_0;
    %flag_set/vec4 8;
    %jmp/0xz  T_1.0, 8;
    %pushi/vec4 0, 0, 3;
    %assign/vec4 v0000016a4b730a00_0, 0;
    %jmp T_1.1;
T_1.0 ;
    %load/vec4 v0000016a4b6d9e80_0;
    %flag_set/vec4 8;
    %jmp/0xz  T_1.2, 8;
    %load/vec4 v0000016a4b730a00_0;
    %cmpi/e 4, 0, 3;
    %flag_mov 8, 4;
    %jmp/0 T_1.4, 8;
    %pushi/vec4 0, 0, 3;
    %jmp/1 T_1.5, 8;
T_1.4 ; End of true expr.
    %load/vec4 v0000016a4b730a00_0;
    %addi 1, 0, 3;
    %jmp/0 T_1.5, 8;
 ; End of false expr.
    %blend;
T_1.5;
    %assign/vec4 v0000016a4b730a00_0, 0;
T_1.2 ;
T_1.1 ;
    %jmp T_1;
    .thread T_1;
    .scope S_0000016a4b682c70;
T_2 ;
    %wait E_0000016a4b6ad060;
    %load/vec4 v0000016a4b730960_0;
    %flag_set/vec4 8;
    %jmp/0xz  T_2.0, 8;
    %load/vec4 v0000016a4b731400_0;
    %load/vec4 v0000016a4b730500_0;
    %pad/u 4;
    %ix/vec4 3;
    %ix/load 4, 0, 0; Constant delay
    %assign/vec4/a/d v0000016a4b6d98e0, 0, 4;
T_2.0 ;
    %jmp T_2;
    .thread T_2;
    .scope S_0000016a4b682c70;
T_3 ;
    %wait E_0000016a4b6ad2e0;
    %load/vec4 v0000016a4b731180_0;
    %flag_set/vec4 8;
    %jmp/0xz  T_3.0, 8;
    %pushi/vec4 0, 0, 3;
    %assign/vec4 v0000016a4b6d97a0_0, 0;
    %jmp T_3.1;
T_3.0 ;
    %load/vec4 v0000016a4b730960_0;
    %load/vec4 v0000016a4b6d9e80_0;
    %inv;
    %and;
    %flag_set/vec4 8;
    %jmp/0xz  T_3.2, 8;
    %load/vec4 v0000016a4b6d97a0_0;
    %addi 1, 0, 3;
    %assign/vec4 v0000016a4b6d97a0_0, 0;
    %jmp T_3.3;
T_3.2 ;
    %load/vec4 v0000016a4b6d9e80_0;
    %load/vec4 v0000016a4b730960_0;
    %inv;
    %and;
    %flag_set/vec4 8;
    %jmp/0xz  T_3.4, 8;
    %load/vec4 v0000016a4b6d97a0_0;
    %subi 1, 0, 3;
    %assign/vec4 v0000016a4b6d97a0_0, 0;
T_3.4 ;
T_3.3 ;
T_3.1 ;
    %jmp T_3;
    .thread T_3;
    .scope S_0000016a4b6bdef0;
T_4 ;
    %pushi/vec4 0, 0, 1;
    %store/vec4 v0000016a4b6d9480_0, 0, 1;
    %end;
    .thread T_4, $init;
    .scope S_0000016a4b6bdef0;
T_5 ;
    %wait E_0000016a4b6ad060;
    %load/vec4 v0000016a4b6d95c0_0;
    %flag_set/vec4 8;
    %jmp/0xz  T_5.0, 8;
    %ix/load 4, 0, 0;
    %null;
    %store/obj v0000016a4b6d93e0_0;
    %pushi/vec4 1, 0, 1;
    %store/vec4 v0000016a4b6d9480_0, 0, 1;
    %jmp T_5.1;
T_5.0 ;
    %load/vec4 v0000016a4b6d9480_0;
    %flag_set/vec4 8;
    %jmp/0xz  T_5.2, 8;
    %load/vec4 v0000016a4b6d9340_0;
    %pad/u 32;
    %load/vec4 v0000016a4b6d9020_0;
    %pad/u 32;
    %and;
    %load/vec4 v0000016a4b6d9c00_0;
    %pad/u 32;
    %pushi/vec4 1, 0, 32;
    %and;
    %inv;
    %and;
    %inv;
    %cmpi/ne 0, 0, 32;
    %jmp/0xz  T_5.4, 4;
    %jmp T_5.5;
T_5.4 ;
    %vpi_call/w 4 51 "$error" {0 0 0};
T_5.5 ;
    %load/vec4 v0000016a4b6d9c00_0;
    %load/vec4 v0000016a4b6d9700_0;
    %and;
    %inv;
    %flag_set/vec4 8;
    %jmp/0xz  T_5.6, 8;
    %jmp T_5.7;
T_5.6 ;
    %vpi_call/w 4 52 "$error" {0 0 0};
T_5.7 ;
    %vpi_func 4 54 "$size" 32, v0000016a4b6d93e0_0 {0 0 0};
    %pushi/vec4 0, 0, 32;
    %cmp/e;
    %flag_get/vec4 4;
    %load/vec4 v0000016a4b6d9700_0;
    %inv;
    %and;
    %inv;
    %flag_set/vec4 8;
    %jmp/0xz  T_5.8, 8;
    %jmp T_5.9;
T_5.8 ;
    %vpi_call/w 4 54 "$error" {0 0 0};
T_5.9 ;
    %vpi_func 4 55 "$size" 32, v0000016a4b6d93e0_0 {0 0 0};
    %pushi/vec4 5, 0, 32;
    %cmp/e;
    %flag_get/vec4 4;
    %load/vec4 v0000016a4b6d9020_0;
    %inv;
    %and;
    %inv;
    %flag_set/vec4 8;
    %jmp/0xz  T_5.10, 8;
    %jmp T_5.11;
T_5.10 ;
    %vpi_call/w 4 55 "$error" {0 0 0};
T_5.11 ;
    %load/vec4 v0000016a4b6d9700_0;
    %inv;
    %flag_set/vec4 10;
    %flag_get/vec4 10;
    %jmp/0 T_5.15, 10;
    %vpi_func 4 65 "$size" 32, v0000016a4b6d93e0_0 {0 0 0};
    %pushi/vec4 0, 0, 32;
    %cmp/ne;
    %flag_get/vec4 4;
    %and;
T_5.15;
    %flag_set/vec4 9;
    %flag_get/vec4 9;
    %jmp/0 T_5.14, 9;
    %load/vec4 v0000016a4b6d9160_0;
    %ix/load 3, 0, 0;
    %flag_set/imm 4, 0;
    %load/dar/vec4 v0000016a4b6d93e0_0;
    %cmp/ne;
    %flag_get/vec4 4;
    %and;
T_5.14;
    %inv;
    %flag_set/vec4 8;
    %jmp/0xz  T_5.12, 8;
    %jmp T_5.13;
T_5.12 ;
    %vpi_call/w 4 64 "$error" {0 0 0};
T_5.13 ;
    %load/vec4 v0000016a4b6d9340_0;
    %flag_set/vec4 8;
    %jmp/0xz  T_5.16, 8;
    %ix/load 4, 0, 0;
    %load/vec4 v0000016a4b6d9200_0;
    %store/qb/v v0000016a4b6d93e0_0, 4, 8;
T_5.16 ;
    %load/vec4 v0000016a4b6d9c00_0;
    %pushi/vec4 0, 0, 32;
    %vpi_func 4 73 "$size" 32, v0000016a4b6d93e0_0 {0 0 0};
    %cmp/s;
    %flag_get/vec4 5;
    %and;
    %flag_set/vec4 8;
    %jmp/0xz  T_5.18, 8;
    %ix/load 3, 0, 0;
    %flag_set/imm 4, 0;
    %delete/elem v0000016a4b6d93e0_0;
T_5.18 ;
    %load/vec4 v0000016a4b6d9340_0;
    %load/vec4 v0000016a4b6d9c00_0;
    %or;
    %flag_set/vec4 8;
    %jmp/0xz  T_5.20, 8;
    %load/vec4 v0000016a4b6d9340_0;
    %flag_set/vec4 8;
    %jmp/0xz  T_5.22, 8;
    %vpi_call/w 4 88 "$write", "push %h", v0000016a4b6d9200_0 {0 0 0};
    %jmp T_5.23;
T_5.22 ;
    %vpi_call/w 4 90 "$write", "       " {0 0 0};
T_5.23 ;
    %load/vec4 v0000016a4b6d9c00_0;
    %flag_set/vec4 8;
    %jmp/0xz  T_5.24, 8;
    %vpi_call/w 4 93 "$write", "  pop %h", v0000016a4b6d9160_0 {0 0 0};
    %jmp T_5.25;
T_5.24 ;
    %vpi_call/w 4 95 "$write", "        " {0 0 0};
T_5.25 ;
    %load/vec4 v0000016a4b6d9700_0;
    %flag_set/vec4 8;
    %jmp/0 T_5.26, 8;
    %pushi/vec4 1701671028, 0, 32; draw_string_vec4
    %pushi/vec4 121, 0, 8; draw_string_vec4
    %concat/vec4; draw_string_vec4
    %jmp/1 T_5.27, 8;
T_5.26 ; End of true expr.
    %pushi/vec4 538976288, 0, 32; draw_string_vec4
    %pushi/vec4 32, 0, 8; draw_string_vec4
    %concat/vec4; draw_string_vec4
    %jmp/0 T_5.27, 8;
 ; End of false expr.
    %blend;
T_5.27;
    %load/vec4 v0000016a4b6d9020_0;
    %flag_set/vec4 8;
    %jmp/0 T_5.28, 8;
    %pushi/vec4 1718971500, 0, 32; draw_string_vec4
    %jmp/1 T_5.29, 8;
T_5.28 ; End of true expr.
    %pushi/vec4 538976288, 0, 32; draw_string_vec4
    %jmp/0 T_5.29, 8;
 ; End of false expr.
    %blend;
T_5.29;
    %vpi_call/w 4 97 "$write", "  %5s %4s", S<1,vec4,u40>, S<0,vec4,u32> {2 0 0};
    %vpi_call/w 4 101 "$write", " [" {0 0 0};
    %fork t_1, S_0000016a4b682ae0;
    %jmp t_0;
    .scope S_0000016a4b682ae0;
t_1 ;
    %pushi/vec4 0, 0, 32;
    %store/vec4 v0000016a4b6d90c0_0, 0, 32;
T_5.30 ;
    %load/vec4 v0000016a4b6d90c0_0;
    %vpi_func 4 103 "$size" 32, v0000016a4b6d93e0_0 {0 0 0};
    %cmp/s;
    %jmp/0xz T_5.31, 5;
    %vpi_func 4 104 "$size" 32, v0000016a4b6d93e0_0 {0 0 0};
    %load/vec4 v0000016a4b6d90c0_0;
    %sub;
    %subi 1, 0, 32;
    %ix/vec4/s 3;
    %load/dar/vec4 v0000016a4b6d93e0_0;
    %vpi_call/w 4 104 "$write", " %h", S<0,vec4,u8> {1 0 0};
    ; show_stmt_assign_vector: Get l-value for compressed += operand
    %load/vec4 v0000016a4b6d90c0_0;
    %pushi/vec4 1, 0, 32;
    %add;
    %cast2;
    %store/vec4 v0000016a4b6d90c0_0, 0, 32;
    %jmp T_5.30;
T_5.31 ;
    %end;
    .scope S_0000016a4b6bdef0;
t_0 %join;
    %vpi_call/w 4 106 "$display", " ]" {0 0 0};
T_5.20 ;
T_5.2 ;
T_5.1 ;
    %jmp T_5;
    .thread T_5;
    .scope S_0000016a4b6b4310;
T_6 ;
    %pushi/vec4 0, 0, 1;
    %store/vec4 v0000016a4b731360_0, 0, 1;
T_6.0 ;
    %delay 5, 0;
    %load/vec4 v0000016a4b731360_0;
    %inv;
    %store/vec4 v0000016a4b731360_0, 0, 1;
    %jmp T_6.0;
    %end;
    .thread T_6;
    .scope S_0000016a4b6b4310;
T_7 ;
    %pushi/vec4 10000, 0, 32;
T_7.0 %dup/vec4;
    %pushi/vec4 0, 0, 32;
    %cmp/s;
    %jmp/1xz T_7.1, 5;
    %jmp/1 T_7.1, 4;
    %pushi/vec4 1, 0, 32;
    %sub;
    %wait E_0000016a4b6ad060;
    %jmp T_7.0;
T_7.1 ;
    %pop/vec4 1;
    %vpi_call/w 3 46 "$display", "Timeout!" {0 0 0};
    %vpi_call/w 3 47 "$finish" {0 0 0};
    %end;
    .thread T_7;
    .scope S_0000016a4b6b4310;
T_8 ;
    %pushi/vec4 0, 0, 1;
    %assign/vec4 v0000016a4b7317c0_0, 0;
    %pushi/vec4 0, 0, 1;
    %assign/vec4 v0000016a4b730460_0, 0;
    %pushi/vec4 3, 0, 32;
T_8.0 %dup/vec4;
    %pushi/vec4 0, 0, 32;
    %cmp/s;
    %jmp/1xz T_8.1, 5;
    %jmp/1 T_8.1, 4;
    %pushi/vec4 1, 0, 32;
    %sub;
    %wait E_0000016a4b6ad060;
    %jmp T_8.0;
T_8.1 ;
    %pop/vec4 1;
    %pushi/vec4 1, 0, 1;
    %assign/vec4 v0000016a4b730b40_0, 0;
    %pushi/vec4 3, 0, 32;
T_8.2 %dup/vec4;
    %pushi/vec4 0, 0, 32;
    %cmp/s;
    %jmp/1xz T_8.3, 5;
    %jmp/1 T_8.3, 4;
    %pushi/vec4 1, 0, 32;
    %sub;
    %wait E_0000016a4b6ad060;
    %jmp T_8.2;
T_8.3 ;
    %pop/vec4 1;
    %pushi/vec4 0, 0, 1;
    %assign/vec4 v0000016a4b730b40_0, 0;
    %vpi_call/w 3 77 "$display", "*** Fill and empty" {0 0 0};
    %pushi/vec4 1, 0, 1;
    %assign/vec4 v0000016a4b7317c0_0, 0;
    %fork t_3, S_0000016a4b6aa9d0;
    %jmp t_2;
    .scope S_0000016a4b6aa9d0;
t_3 ;
    %pushi/vec4 0, 0, 32;
    %store/vec4 v0000016a4b6d9980_0, 0, 32;
T_8.4 ;
    %load/vec4 v0000016a4b6d9980_0;
    %cmpi/s 5, 0, 32;
    %jmp/0xz T_8.5, 5;
    %load/vec4 v0000016a4b6d9980_0;
    %muli 16, 0, 32;
    %load/vec4 v0000016a4b6d9980_0;
    %add;
    %pad/s 8;
    %assign/vec4 v0000016a4b72fa60_0, 0;
    %wait E_0000016a4b6ad060;
    ; show_stmt_assign_vector: Get l-value for compressed += operand
    %load/vec4 v0000016a4b6d9980_0;
    %pushi/vec4 1, 0, 32;
    %add;
    %cast2;
    %store/vec4 v0000016a4b6d9980_0, 0, 32;
    %jmp T_8.4;
T_8.5 ;
    %end;
    .scope S_0000016a4b6b4310;
t_2 %join;
    %pushi/vec4 0, 0, 1;
    %assign/vec4 v0000016a4b7317c0_0, 0;
    %pushi/vec4 1, 0, 1;
    %assign/vec4 v0000016a4b730460_0, 0;
    %pushi/vec4 5, 0, 32;
T_8.6 %dup/vec4;
    %pushi/vec4 0, 0, 32;
    %cmp/s;
    %jmp/1xz T_8.7, 5;
    %jmp/1 T_8.7, 4;
    %pushi/vec4 1, 0, 32;
    %sub;
    %wait E_0000016a4b6ad060;
    %jmp T_8.6;
T_8.7 ;
    %pop/vec4 1;
    %pushi/vec4 0, 0, 1;
    %assign/vec4 v0000016a4b730460_0, 0;
    %pushi/vec4 2, 0, 32;
T_8.8 %dup/vec4;
    %pushi/vec4 0, 0, 32;
    %cmp/s;
    %jmp/1xz T_8.9, 5;
    %jmp/1 T_8.9, 4;
    %pushi/vec4 1, 0, 32;
    %sub;
    %wait E_0000016a4b6ad060;
    %jmp T_8.8;
T_8.9 ;
    %pop/vec4 1;
    %vpi_call/w 3 98 "$display", "*** Fill half and run back-to-back, then empty" {0 0 0};
    %pushi/vec4 1, 0, 1;
    %assign/vec4 v0000016a4b7317c0_0, 0;
    %fork t_5, S_0000016a4b6aab60;
    %jmp t_4;
    .scope S_0000016a4b6aab60;
t_5 ;
    %pushi/vec4 0, 0, 32;
    %store/vec4 v0000016a4b6d9a20_0, 0, 32;
T_8.10 ;
    %load/vec4 v0000016a4b6d9a20_0;
    %cmpi/s 2, 0, 32;
    %jmp/0xz T_8.11, 5;
    %load/vec4 v0000016a4b6d9a20_0;
    %muli 16, 0, 32;
    %load/vec4 v0000016a4b6d9a20_0;
    %add;
    %pad/s 8;
    %assign/vec4 v0000016a4b72fa60_0, 0;
    %wait E_0000016a4b6ad060;
    ; show_stmt_assign_vector: Get l-value for compressed += operand
    %load/vec4 v0000016a4b6d9a20_0;
    %pushi/vec4 1, 0, 32;
    %add;
    %cast2;
    %store/vec4 v0000016a4b6d9a20_0, 0, 32;
    %jmp T_8.10;
T_8.11 ;
    %end;
    .scope S_0000016a4b6b4310;
t_4 %join;
    %pushi/vec4 1, 0, 1;
    %assign/vec4 v0000016a4b730460_0, 0;
    %pushi/vec4 5, 0, 32;
T_8.12 %dup/vec4;
    %pushi/vec4 0, 0, 32;
    %cmp/s;
    %jmp/1xz T_8.13, 5;
    %jmp/1 T_8.13, 4;
    %pushi/vec4 1, 0, 32;
    %sub;
    %fork t_7, S_0000016a4b6bdd60;
    %jmp t_6;
    .scope S_0000016a4b6bdd60;
t_7 ;
    %pushi/vec4 0, 0, 32;
    %store/vec4 v0000016a4b6d9f20_0, 0, 32;
T_8.14 ;
    %load/vec4 v0000016a4b6d9f20_0;
    %cmpi/s 5, 0, 32;
    %jmp/0xz T_8.15, 5;
    %load/vec4 v0000016a4b6d9f20_0;
    %muli 16, 0, 32;
    %load/vec4 v0000016a4b6d9f20_0;
    %add;
    %pad/s 8;
    %assign/vec4 v0000016a4b72fa60_0, 0;
    %wait E_0000016a4b6ad060;
    ; show_stmt_assign_vector: Get l-value for compressed += operand
    %load/vec4 v0000016a4b6d9f20_0;
    %pushi/vec4 1, 0, 32;
    %add;
    %cast2;
    %store/vec4 v0000016a4b6d9f20_0, 0, 32;
    %jmp T_8.14;
T_8.15 ;
    %end;
    .scope S_0000016a4b6b4310;
t_6 %join;
    %jmp T_8.12;
T_8.13 ;
    %pop/vec4 1;
    %pushi/vec4 0, 0, 1;
    %assign/vec4 v0000016a4b7317c0_0, 0;
T_8.16 ;
    %wait E_0000016a4b6ad060;
    %delay 1, 0;
    %load/vec4 v0000016a4b7308c0_0;
    %inv;
    %flag_set/vec4 8;
    %jmp/1 T_8.16, 8;
    %pushi/vec4 0, 0, 1;
    %assign/vec4 v0000016a4b730460_0, 0;
    %pushi/vec4 2, 0, 32;
T_8.17 %dup/vec4;
    %pushi/vec4 0, 0, 32;
    %cmp/s;
    %jmp/1xz T_8.18, 5;
    %jmp/1 T_8.18, 4;
    %pushi/vec4 1, 0, 32;
    %sub;
    %wait E_0000016a4b6ad060;
    %jmp T_8.17;
T_8.18 ;
    %pop/vec4 1;
    %vpi_call/w 3 131 "$display", "*** Randomized test" {0 0 0};
    %pushi/vec4 5, 0, 32;
T_8.19 %dup/vec4;
    %pushi/vec4 0, 0, 32;
    %cmp/s;
    %jmp/1xz T_8.20, 5;
    %jmp/1 T_8.20, 4;
    %pushi/vec4 1, 0, 32;
    %sub;
    %wait E_0000016a4b6ad060;
    %jmp T_8.19;
T_8.20 ;
    %pop/vec4 1;
    %pushi/vec4 100, 0, 32;
T_8.21 %dup/vec4;
    %pushi/vec4 0, 0, 32;
    %cmp/s;
    %jmp/1xz T_8.22, 5;
    %jmp/1 T_8.22, 4;
    %pushi/vec4 1, 0, 32;
    %sub;
    %wait E_0000016a4b6ad060;
    %delay 1, 0;
    %pushi/vec4 0, 0, 1;
    %assign/vec4 v0000016a4b730460_0, 0;
    %pushi/vec4 0, 0, 1;
    %assign/vec4 v0000016a4b7317c0_0, 0;
    %pushi/vec4 1, 0, 32;
    %load/vec4 v0000016a4b7312c0_0;
    %pad/u 32;
    %and;
    %vpi_func 3 145 "$urandom_range" 32, 32'sb00000000000000000000000000000001, 32'sb00000000000000000000000001100100 {0 0 0};
    %cmpi/u 40, 0, 32;
    %flag_get/vec4 4;
    %flag_get/vec4 5;
    %or;
    %pad/u 32;
    %and;
    %cmpi/ne 0, 0, 32;
    %jmp/0xz  T_8.23, 4;
    %pushi/vec4 1, 0, 1;
    %assign/vec4 v0000016a4b730460_0, 0;
    %pushi/vec4 1, 0, 1;
    %assign/vec4 v0000016a4b7317c0_0, 0;
    %vpi_func 3 150 "$urandom" 32 {0 0 0};
    %pad/u 8;
    %assign/vec4 v0000016a4b72fa60_0, 0;
T_8.23 ;
    %load/vec4 v0000016a4b7308c0_0;
    %inv;
    %vpi_func 3 153 "$urandom_range" 32, 32'sb00000000000000000000000000000001, 32'sb00000000000000000000000001100100 {0 0 0};
    %cmpi/u 50, 0, 32;
    %flag_get/vec4 4;
    %flag_get/vec4 5;
    %or;
    %and;
    %flag_set/vec4 8;
    %jmp/0xz  T_8.25, 8;
    %pushi/vec4 1, 0, 1;
    %assign/vec4 v0000016a4b730460_0, 0;
T_8.25 ;
    %load/vec4 v0000016a4b7312c0_0;
    %inv;
    %vpi_func 3 156 "$urandom_range" 32, 32'sb00000000000000000000000000000001, 32'sb00000000000000000000000001100100 {0 0 0};
    %cmpi/u 60, 0, 32;
    %flag_get/vec4 4;
    %flag_get/vec4 5;
    %or;
    %and;
    %flag_set/vec4 8;
    %jmp/0xz  T_8.27, 8;
    %pushi/vec4 1, 0, 1;
    %assign/vec4 v0000016a4b7317c0_0, 0;
    %vpi_func 3 159 "$urandom" 32 {0 0 0};
    %pad/u 8;
    %assign/vec4 v0000016a4b72fa60_0, 0;
T_8.27 ;
    %jmp T_8.21;
T_8.22 ;
    %pop/vec4 1;
    %vpi_call/w 3 165 "$display", "PASS %s ", "./testbench.sv" {0 0 0};
    %vpi_call/w 3 166 "$finish" {0 0 0};
    %end;
    .thread T_8;
# The file index is used to find the file name in the following table.
:file_names 6;
    "N/A";
    "<interactive>";
    "-";
    "./testbench.sv";
    "./fifo_monitor.sv";
    "./flip_flop_fifo_with_counter.sv";
