#! /c/Source/iverilog-install/bin/vvp
:ivl_version "12.0 (devel)" "(s20150603-1539-g2693dd32b)";
:ivl_delay_selection "TYPICAL";
:vpi_time_precision + 0;
:vpi_module "C:\iverilog\lib\ivl\system.vpi";
:vpi_module "C:\iverilog\lib\ivl\vhdl_sys.vpi";
:vpi_module "C:\iverilog\lib\ivl\vhdl_textio.vpi";
:vpi_module "C:\iverilog\lib\ivl\v2005_math.vpi";
:vpi_module "C:\iverilog\lib\ivl\va_math.vpi";
:vpi_module "C:\iverilog\lib\ivl\v2009.vpi";
S_0000019dd4c8cf30 .scope package, "$unit" "$unit" 2 1;
 .timescale 0 0;
S_0000019dd4c1fc40 .scope module, "flip_flop_fifo_with_counter" "flip_flop_fifo_with_counter" 3 1;
 .timescale 0 0;
    .port_info 0 /INPUT 1 "clk";
    .port_info 1 /INPUT 1 "rst";
    .port_info 2 /INPUT 1 "push";
    .port_info 3 /INPUT 1 "pop";
    .port_info 4 /INPUT 8 "write_data";
    .port_info 5 /OUTPUT 8 "read_data";
    .port_info 6 /OUTPUT 1 "empty";
    .port_info 7 /OUTPUT 1 "full";
P_0000019dd4c1d6e0 .param/l "counter_width" 1 3 19, +C4<00000000000000000000000000000100>;
P_0000019dd4c1d718 .param/l "depth" 0 3 3, +C4<00000000000000000000000000001010>;
P_0000019dd4c1d750 .param/l "max_ptr" 1 3 21, +C4<1001>;
P_0000019dd4c1d788 .param/l "pointer_width" 1 3 18, +C4<00000000000000000000000000000100>;
P_0000019dd4c1d7c0 .param/l "width" 0 3 3, +C4<00000000000000000000000000001000>;
L_0000019dd4c242b0 .functor BUFZ 8, L_0000019dd4d1e2e0, C4<00000000>, C4<00000000>, C4<00000000>;
v0000019dd4c85430_0 .net *"_ivl_0", 7 0, L_0000019dd4d1e2e0;  1 drivers
L_0000019dd4d20158 .functor BUFT 1, C4<1010>, C4<0>, C4<0>, C4<0>;
v0000019dd4c85610_0 .net/2u *"_ivl_12", 3 0, L_0000019dd4d20158;  1 drivers
v0000019dd4c85c50_0 .net *"_ivl_2", 4 0, L_0000019dd4d1e560;  1 drivers
L_0000019dd4d200c8 .functor BUFT 1, C4<0>, C4<0>, C4<0>, C4<0>;
v0000019dd4c85d90_0 .net *"_ivl_5", 0 0, L_0000019dd4d200c8;  1 drivers
L_0000019dd4d20110 .functor BUFT 1, C4<0000>, C4<0>, C4<0>, C4<0>;
v0000019dd4c85cf0_0 .net/2u *"_ivl_8", 3 0, L_0000019dd4d20110;  1 drivers
o0000019dd4c931c8 .functor BUFZ 1, C4<z>; HiZ drive
v0000019dd4c85890_0 .net "clk", 0 0, o0000019dd4c931c8;  0 drivers
v0000019dd4c854d0_0 .var "cnt", 3 0;
v0000019dd4c857f0 .array "data", 9 0, 7 0;
v0000019dd4c85110_0 .net "empty", 0 0, L_0000019dd4d1f1e0;  1 drivers
v0000019dd4c85570_0 .net "full", 0 0, L_0000019dd4d1ed80;  1 drivers
o0000019dd4c93288 .functor BUFZ 1, C4<z>; HiZ drive
v0000019dd4c856b0_0 .net "pop", 0 0, o0000019dd4c93288;  0 drivers
o0000019dd4c932b8 .functor BUFZ 1, C4<z>; HiZ drive
v0000019dd4c851b0_0 .net "push", 0 0, o0000019dd4c932b8;  0 drivers
v0000019dd4c85930_0 .var "rd_ptr", 3 0;
v0000019dd4c859d0_0 .net "read_data", 7 0, L_0000019dd4c242b0;  1 drivers
o0000019dd4c93348 .functor BUFZ 1, C4<z>; HiZ drive
v0000019dd4c85a70_0 .net "rst", 0 0, o0000019dd4c93348;  0 drivers
v0000019dd4c85750_0 .var "wr_ptr", 3 0;
o0000019dd4c933a8 .functor BUFZ 8, C4<zzzzzzzz>; HiZ drive
v0000019dd4c85070_0 .net "write_data", 7 0, o0000019dd4c933a8;  0 drivers
E_0000019dd4c804a0 .event posedge, v0000019dd4c85a70_0, v0000019dd4c85890_0;
E_0000019dd4c819a0 .event posedge, v0000019dd4c85890_0;
L_0000019dd4d1e2e0 .array/port v0000019dd4c857f0, L_0000019dd4d1e560;
L_0000019dd4d1e560 .concat [ 4 1 0 0], v0000019dd4c85930_0, L_0000019dd4d200c8;
L_0000019dd4d1f1e0 .cmp/eq 4, v0000019dd4c854d0_0, L_0000019dd4d20110;
L_0000019dd4d1ed80 .cmp/eq 4, v0000019dd4c854d0_0, L_0000019dd4d20158;
S_0000019dd4c8d390 .scope module, "one_bit_wide_shift_register_with_reset" "one_bit_wide_shift_register_with_reset" 4 5;
 .timescale 0 0;
    .port_info 0 /INPUT 1 "clk";
    .port_info 1 /INPUT 1 "rst";
    .port_info 2 /INPUT 1 "in_data";
    .port_info 3 /OUTPUT 1 "out_data";
P_0000019dd4c80420 .param/l "depth" 0 4 7, +C4<00000000000000000000000000001000>;
o0000019dd4c93558 .functor BUFZ 1, C4<z>; HiZ drive
v0000019dd4c85b10_0 .net "clk", 0 0, o0000019dd4c93558;  0 drivers
v0000019dd4c85bb0_0 .var "data", 7 0;
o0000019dd4c935b8 .functor BUFZ 1, C4<z>; HiZ drive
v0000019dd4c84f30_0 .net "in_data", 0 0, o0000019dd4c935b8;  0 drivers
v0000019dd4c85390_0 .net "out_data", 0 0, L_0000019dd4d1e9c0;  1 drivers
o0000019dd4c93618 .functor BUFZ 1, C4<z>; HiZ drive
v0000019dd4c85e30_0 .net "rst", 0 0, o0000019dd4c93618;  0 drivers
E_0000019dd4c81da0 .event posedge, v0000019dd4c85b10_0;
L_0000019dd4d1e9c0 .part v0000019dd4c85bb0_0, 7, 1;
S_0000019dd4c8d520 .scope module, "shift_register" "shift_register" 4 29;
 .timescale 0 0;
    .port_info 0 /INPUT 1 "clk";
    .port_info 1 /INPUT 8 "in_data";
    .port_info 2 /OUTPUT 8 "out_data";
P_0000019dd4c91d50 .param/l "depth" 0 4 31, +C4<00000000000000000000000000001000>;
P_0000019dd4c91d88 .param/l "width" 0 4 31, +C4<00000000000000000000000000001000>;
v0000019dd4c852f0_7 .array/port v0000019dd4c852f0, 7;
L_0000019dd4c23de0 .functor BUFZ 8, v0000019dd4c852f0_7, C4<00000000>, C4<00000000>, C4<00000000>;
o0000019dd4c93738 .functor BUFZ 1, C4<z>; HiZ drive
v0000019dd4c85250_0 .net "clk", 0 0, o0000019dd4c93738;  0 drivers
v0000019dd4c852f0 .array "data", 7 0, 7 0;
o0000019dd4c938e8 .functor BUFZ 8, C4<zzzzzzzz>; HiZ drive
v0000019dd4d1d450_0 .net "in_data", 7 0, o0000019dd4c938e8;  0 drivers
v0000019dd4d1c0f0_0 .net "out_data", 7 0, L_0000019dd4c23de0;  1 drivers
E_0000019dd4c81d60 .event posedge, v0000019dd4c85250_0;
S_0000019dd4c65180 .scope begin, "$ivl_for_loop3" "$ivl_for_loop3" 4 44, 4 44 0, S_0000019dd4c8d520;
 .timescale 0 0;
v0000019dd4c84fd0_0 .var/2s "i", 31 0;
S_0000019dd4c4c620 .scope module, "shift_register_with_valid" "shift_register_with_valid" 4 56;
 .timescale 0 0;
    .port_info 0 /INPUT 1 "clk";
    .port_info 1 /INPUT 1 "rst";
    .port_info 2 /INPUT 1 "in_vld";
    .port_info 3 /INPUT 8 "in_data";
    .port_info 4 /OUTPUT 1 "out_vld";
    .port_info 5 /OUTPUT 8 "out_data";
P_0000019dd4c91850 .param/l "depth" 0 4 58, +C4<00000000000000000000000000001000>;
P_0000019dd4c91888 .param/l "width" 0 4 58, +C4<00000000000000000000000000001000>;
o0000019dd4c939d8 .functor BUFZ 1, C4<z>; HiZ drive
v0000019dd4d1c4b0_0 .net "clk", 0 0, o0000019dd4c939d8;  0 drivers
o0000019dd4c93a08 .functor BUFZ 8, C4<zzzzzzzz>; HiZ drive
v0000019dd4d1df90_0 .net "in_data", 7 0, o0000019dd4c93a08;  0 drivers
o0000019dd4c93a38 .functor BUFZ 1, C4<z>; HiZ drive
v0000019dd4d1ca50_0 .net "in_vld", 0 0, o0000019dd4c93a38;  0 drivers
o0000019dd4c93a68 .functor BUFZ 8, C4<zzzzzzzz>; HiZ drive
v0000019dd4d1cf50_0 .net "out_data", 7 0, o0000019dd4c93a68;  0 drivers
o0000019dd4c93a98 .functor BUFZ 1, C4<z>; HiZ drive
v0000019dd4d1d8b0_0 .net "out_vld", 0 0, o0000019dd4c93a98;  0 drivers
o0000019dd4c93ac8 .functor BUFZ 1, C4<z>; HiZ drive
v0000019dd4d1de50_0 .net "rst", 0 0, o0000019dd4c93ac8;  0 drivers
S_0000019dd4c4c7b0 .scope module, "tb" "tb" 5 6;
 .timescale 0 0;
S_0000019dd4c65310 .scope module, "i_formula_2_pipe_using_fifos_tb" "formula_tb" 5 25, 6 5 0, S_0000019dd4c4c7b0;
 .timescale 0 0;
P_0000019dd4c63c40 .param/l "arg_width" 1 6 18, +C4<00000000000000000000000000100000>;
P_0000019dd4c63c78 .param/l "fifo" 0 6 9, +C4<00000000000000000000000000000001>;
P_0000019dd4c63cb0 .param/l "formula" 0 6 7, +C4<00000000000000000000000000000010>;
P_0000019dd4c63ce8 .param/l "gap_between_tests" 1 6 107, +C4<00000000000000000000000001100100>;
P_0000019dd4c63d20 .param/l "max_latency" 1 6 106, +C4<00000000000000000000000000010000>;
P_0000019dd4c63d58 .param/l "pipe" 0 6 8, +C4<00000000000000000000000000000001>;
P_0000019dd4c63d90 .param/l "res_width" 1 6 18, +C4<00000000000000000000000000100000>;
v0000019dd4d1d770_0 .var "a", 31 0;
v0000019dd4d1c230_0 .var "arg_cnt", 32 0;
v0000019dd4d1c910_0 .var "arg_vld", 0 0;
v0000019dd4d1c690_0 .var "b", 31 0;
v0000019dd4d1c730_0 .var "c", 31 0;
v0000019dd4d1c870_0 .var "clk", 0 0;
v0000019dd4d1d1d0_0 .var "clk_enable", 0 0;
v0000019dd4d1d950_0 .var/2u "cycle", 31 0;
v0000019dd4d1d270_0 .var "n_cycles", 32 0;
v0000019dd4d1da90_0 .var/queue "queue", 32;
o0000019dd4c93eb8 .functor BUFZ 32, C4<zzzzzzzzzzzzzzzzzzzzzzzzzzzzzzzz>; HiZ drive
v0000019dd4d1d3b0_0 .net "res", 31 0, o0000019dd4c93eb8;  0 drivers
v0000019dd4d1d9f0_0 .var "res_cnt", 32 0;
v0000019dd4d1d810_0 .var "res_expected", 31 0;
o0000019dd4c93ee8 .functor BUFZ 1, C4<z>; HiZ drive
v0000019dd4d1c9b0_0 .net "res_vld", 0 0, o0000019dd4c93ee8;  0 drivers
v0000019dd4d1ccd0_0 .var "rst", 0 0;
v0000019dd4d1db30_0 .var/2u "run_completed", 0 0;
v0000019dd4d1dbd0_0 .var/str "test_id";
v0000019dd4d1e100_0 .var "was_reset", 0 0;
S_0000019dd4c63dd0 .scope begin, "$ivl_for_loop2" "$ivl_for_loop2" 6 351, 6 351 0, S_0000019dd4c65310;
 .timescale 0 0;
v0000019dd4d1c2d0_0 .var/2s "i", 31 0;
S_0000019dd4c5ad30 .scope function.vec4.s32, "formula_1_fn" "formula_1_fn" 7 10, 7 10 0, S_0000019dd4c65310;
 .timescale 0 0;
v0000019dd4d1d310_0 .var "a", 31 0;
v0000019dd4d1ddb0_0 .var "b", 31 0;
v0000019dd4d1d4f0_0 .var "c", 31 0;
; Variable formula_1_fn is vec4 return value of scope S_0000019dd4c5ad30
TD_tb.i_formula_2_pipe_using_fifos_tb.formula_1_fn ;
    %load/vec4 v0000019dd4d1d310_0;
    %store/vec4 v0000019dd4d1dc70_0, 0, 32;
    %callf/vec4 TD_tb.i_formula_2_pipe_using_fifos_tb.isqrt_fn, S_0000019dd4c4d2b0;
    %pad/u 32;
    %load/vec4 v0000019dd4d1ddb0_0;
    %store/vec4 v0000019dd4d1dc70_0, 0, 32;
    %callf/vec4 TD_tb.i_formula_2_pipe_using_fifos_tb.isqrt_fn, S_0000019dd4c4d2b0;
    %pad/u 32;
    %add;
    %load/vec4 v0000019dd4d1d4f0_0;
    %store/vec4 v0000019dd4d1dc70_0, 0, 32;
    %callf/vec4 TD_tb.i_formula_2_pipe_using_fifos_tb.isqrt_fn, S_0000019dd4c4d2b0;
    %pad/u 32;
    %add;
    %ret/vec4 0, 0, 32;  Assign to formula_1_fn (store_vec4_to_lval)
    %disable/flow S_0000019dd4c5ad30;
    %end;
S_0000019dd4c5aec0 .scope function.vec4.s32, "formula_2_fn" "formula_2_fn" 8 10, 8 10 0, S_0000019dd4c65310;
 .timescale 0 0;
v0000019dd4d1d090_0 .var "a", 31 0;
v0000019dd4d1cd70_0 .var "b", 31 0;
v0000019dd4d1ceb0_0 .var "c", 31 0;
; Variable formula_2_fn is vec4 return value of scope S_0000019dd4c5aec0
TD_tb.i_formula_2_pipe_using_fifos_tb.formula_2_fn ;
    %load/vec4 v0000019dd4d1d090_0;
    %load/vec4 v0000019dd4d1cd70_0;
    %load/vec4 v0000019dd4d1ceb0_0;
    %store/vec4 v0000019dd4d1dc70_0, 0, 32;
    %callf/vec4 TD_tb.i_formula_2_pipe_using_fifos_tb.isqrt_fn, S_0000019dd4c4d2b0;
    %pad/u 32;
    %add;
    %store/vec4 v0000019dd4d1dc70_0, 0, 32;
    %callf/vec4 TD_tb.i_formula_2_pipe_using_fifos_tb.isqrt_fn, S_0000019dd4c4d2b0;
    %pad/u 32;
    %add;
    %store/vec4 v0000019dd4d1dc70_0, 0, 32;
    %callf/vec4 TD_tb.i_formula_2_pipe_using_fifos_tb.isqrt_fn, S_0000019dd4c4d2b0;
    %pad/u 32;
    %ret/vec4 0, 0, 32;  Assign to formula_2_fn (store_vec4_to_lval)
    %disable/flow S_0000019dd4c5aec0;
    %end;
S_0000019dd4c56dc0 .scope generate, "if_formula_2_pipe_using_fifos" "if_formula_2_pipe_using_fifos" 6 50, 6 50 0, S_0000019dd4c65310;
 .timescale 0 0;
S_0000019dd4c56f50 .scope module, "i_formula_2_pipe_using_fifos" "formula_2_pipe_using_fifos" 6 56, 9 5 0, S_0000019dd4c56dc0;
 .timescale 0 0;
    .port_info 0 /INPUT 1 "clk";
    .port_info 1 /INPUT 1 "rst";
    .port_info 2 /INPUT 1 "arg_vld";
    .port_info 3 /INPUT 32 "a";
    .port_info 4 /INPUT 32 "b";
    .port_info 5 /INPUT 32 "c";
    .port_info 6 /OUTPUT 1 "res_vld";
    .port_info 7 /OUTPUT 32 "res";
v0000019dd4d1caf0_0 .net "a", 31 0, v0000019dd4d1d770_0;  1 drivers
v0000019dd4d1cb90_0 .net "arg_vld", 0 0, v0000019dd4d1c910_0;  1 drivers
v0000019dd4d1def0_0 .net "b", 31 0, v0000019dd4d1c690_0;  1 drivers
v0000019dd4d1c190_0 .net "c", 31 0, v0000019dd4d1c730_0;  1 drivers
v0000019dd4d1c550_0 .net "clk", 0 0, v0000019dd4d1c870_0;  1 drivers
v0000019dd4d1c410_0 .net "res", 31 0, o0000019dd4c93eb8;  alias, 0 drivers
v0000019dd4d1d130_0 .net "res_vld", 0 0, o0000019dd4c93ee8;  alias, 0 drivers
v0000019dd4d1cc30_0 .net "rst", 0 0, v0000019dd4d1ccd0_0;  1 drivers
S_0000019dd4c4d2b0 .scope function.vec4.s16, "isqrt_fn" "isqrt_fn" 10 7, 10 7 0, S_0000019dd4c65310;
 .timescale 0 0;
v0000019dd4d1ce10_0 .var "b", 31 0;
; Variable isqrt_fn is vec4 return value of scope S_0000019dd4c4d2b0
v0000019dd4d1cff0_0 .var "m", 31 0;
v0000019dd4d1dd10_0 .var "tx", 31 0;
v0000019dd4d1d630_0 .var "ty", 31 0;
v0000019dd4d1dc70_0 .var "x", 31 0;
TD_tb.i_formula_2_pipe_using_fifos_tb.isqrt_fn ;
    %pushi/vec4 1073741824, 0, 32;
    %store/vec4 v0000019dd4d1cff0_0, 0, 32;
    %load/vec4 v0000019dd4d1dc70_0;
    %store/vec4 v0000019dd4d1dd10_0, 0, 32;
    %pushi/vec4 0, 0, 32;
    %store/vec4 v0000019dd4d1d630_0, 0, 32;
    %pushi/vec4 16, 0, 32;
T_2.0 %dup/vec4;
    %pushi/vec4 0, 0, 32;
    %cmp/s;
    %jmp/1xz T_2.1, 5;
    %jmp/1 T_2.1, 4;
    %pushi/vec4 1, 0, 32;
    %sub;
    %load/vec4 v0000019dd4d1d630_0;
    %load/vec4 v0000019dd4d1cff0_0;
    %or;
    %store/vec4 v0000019dd4d1ce10_0, 0, 32;
    %load/vec4 v0000019dd4d1d630_0;
    %ix/load 4, 1, 0;
    %flag_set/imm 4, 0;
    %shiftr 4;
    %store/vec4 v0000019dd4d1d630_0, 0, 32;
    %load/vec4 v0000019dd4d1ce10_0;
    %load/vec4 v0000019dd4d1dd10_0;
    %cmp/u;
    %flag_or 5, 4;
    %jmp/0xz  T_2.2, 5;
    %load/vec4 v0000019dd4d1dd10_0;
    %load/vec4 v0000019dd4d1ce10_0;
    %sub;
    %store/vec4 v0000019dd4d1dd10_0, 0, 32;
    %load/vec4 v0000019dd4d1d630_0;
    %load/vec4 v0000019dd4d1cff0_0;
    %or;
    %store/vec4 v0000019dd4d1d630_0, 0, 32;
T_2.2 ;
    %load/vec4 v0000019dd4d1cff0_0;
    %ix/load 4, 2, 0;
    %flag_set/imm 4, 0;
    %shiftr 4;
    %store/vec4 v0000019dd4d1cff0_0, 0, 32;
    %jmp T_2.0;
T_2.1 ;
    %pop/vec4 1;
    %load/vec4 v0000019dd4d1d630_0;
    %parti/s 16, 0, 2;
    %ret/vec4 0, 0, 16;  Assign to isqrt_fn (store_vec4_to_lval)
    %disable/flow S_0000019dd4c4d2b0;
    %end;
S_0000019dd4c4d440 .scope task, "reset" "reset" 6 80, 6 80 0, S_0000019dd4c65310;
 .timescale 0 0;
E_0000019dd4c80460 .event posedge, v0000019dd4d1c550_0;
TD_tb.i_formula_2_pipe_using_fifos_tb.reset ;
    %pushi/vec4 1, 1, 1;
    %assign/vec4 v0000019dd4d1ccd0_0, 0;
    %pushi/vec4 3, 0, 32;
T_3.4 %dup/vec4;
    %pushi/vec4 0, 0, 32;
    %cmp/s;
    %jmp/1xz T_3.5, 5;
    %jmp/1 T_3.5, 4;
    %pushi/vec4 1, 0, 32;
    %sub;
    %wait E_0000019dd4c80460;
    %jmp T_3.4;
T_3.5 ;
    %pop/vec4 1;
    %pushi/vec4 1, 0, 1;
    %assign/vec4 v0000019dd4d1ccd0_0, 0;
    %pushi/vec4 3, 0, 32;
T_3.6 %dup/vec4;
    %pushi/vec4 0, 0, 32;
    %cmp/s;
    %jmp/1xz T_3.7, 5;
    %jmp/1 T_3.7, 4;
    %pushi/vec4 1, 0, 32;
    %sub;
    %wait E_0000019dd4c80460;
    %jmp T_3.6;
T_3.7 ;
    %pop/vec4 1;
    %pushi/vec4 0, 0, 1;
    %assign/vec4 v0000019dd4d1ccd0_0, 0;
    %end;
S_0000019dd4c6f400 .scope task, "run" "run" 6 111, 6 111 0, S_0000019dd4c65310;
 .timescale 0 0;
TD_tb.i_formula_2_pipe_using_fifos_tb.run ;
    %pushi/vec4 0, 0, 1;
    %store/vec4 v0000019dd4d1db30_0, 0, 1;
    %pushi/vec4 1, 0, 1;
    %store/vec4 v0000019dd4d1d1d0_0, 0, 1;
    %delay 1, 0;
    %vpi_call/w 6 132 "$display", "--------------------------------------------------" {0 0 0};
    %vpi_call/w 6 133 "$display", "Running %m" {0 0 0};
    %pushi/vec4 0, 0, 1;
    %assign/vec4 v0000019dd4d1c910_0, 0;
    %fork TD_tb.i_formula_2_pipe_using_fifos_tb.reset, S_0000019dd4c4d440;
    %join;
    %pushi/vec4 1, 0, 32;
    %assign/vec4 v0000019dd4d1d770_0, 0;
    %pushi/vec4 4, 0, 32;
    %assign/vec4 v0000019dd4d1c690_0, 0;
    %pushi/vec4 9, 0, 32;
    %assign/vec4 v0000019dd4d1c730_0, 0;
    %pushi/vec4 1, 0, 1;
    %assign/vec4 v0000019dd4d1c910_0, 0;
    %wait E_0000019dd4c80460;
    %pushi/vec4 0, 0, 1;
    %assign/vec4 v0000019dd4d1c910_0, 0;
T_4.8 ;
    %load/vec4 v0000019dd4d1c9b0_0;
    %inv;
    %flag_set/vec4 8;
    %jmp/0xz T_4.9, 8;
    %wait E_0000019dd4c80460;
    %jmp T_4.8;
T_4.9 ;
    %fork t_1, S_0000019dd4cdd4f0;
    %jmp t_0;
    .scope S_0000019dd4cdd4f0;
t_1 ;
    %pushi/vec4 0, 0, 32;
    %store/vec4 v0000019dd4d1c5f0_0, 0, 32;
T_4.10 ;
    %load/vec4 v0000019dd4d1c5f0_0;
    %cmpi/s 100, 0, 32;
    %jmp/0xz T_4.11, 5;
    %load/vec4 v0000019dd4d1c5f0_0;
    %assign/vec4 v0000019dd4d1d770_0, 0;
    %load/vec4 v0000019dd4d1c5f0_0;
    %assign/vec4 v0000019dd4d1c690_0, 0;
    %load/vec4 v0000019dd4d1c5f0_0;
    %assign/vec4 v0000019dd4d1c730_0, 0;
    %pushi/vec4 1, 0, 1;
    %assign/vec4 v0000019dd4d1c910_0, 0;
    %wait E_0000019dd4c80460;
    %pushi/vec4 0, 0, 1;
    %assign/vec4 v0000019dd4d1c910_0, 0;
T_4.12 ;
    %pushi/vec4 0, 0, 1;
    %load/vec4 v0000019dd4d1c9b0_0;
    %inv;
    %and;
    %flag_set/vec4 8;
    %jmp/0xz T_4.13, 8;
    %wait E_0000019dd4c80460;
    %jmp T_4.12;
T_4.13 ;
    %load/vec4 v0000019dd4d1c5f0_0;
    %muli 3, 0, 32;
    %addi 1, 0, 32;
    %cast2;
    %store/vec4 v0000019dd4d1c5f0_0, 0, 32;
    %jmp T_4.10;
T_4.11 ;
    %end;
    .scope S_0000019dd4c6f400;
t_0 %join;
    %pushi/vec4 116, 0, 32;
T_4.14 %dup/vec4;
    %pushi/vec4 0, 0, 32;
    %cmp/s;
    %jmp/1xz T_4.15, 5;
    %jmp/1 T_4.15, 4;
    %pushi/vec4 1, 0, 32;
    %sub;
    %wait E_0000019dd4c80460;
    %jmp T_4.14;
T_4.15 ;
    %pop/vec4 1;
    %fork t_3, S_0000019dd4cdd810;
    %jmp t_2;
    .scope S_0000019dd4cdd810;
t_3 ;
    %pushi/vec4 0, 0, 32;
    %store/vec4 v0000019dd4d1d6d0_0, 0, 32;
T_4.16 ;
    %load/vec4 v0000019dd4d1d6d0_0;
    %cmpi/s 1000, 0, 32;
    %jmp/0xz T_4.17, 5;
    %load/vec4 v0000019dd4d1d6d0_0;
    %assign/vec4 v0000019dd4d1d770_0, 0;
    %load/vec4 v0000019dd4d1d6d0_0;
    %addi 1, 0, 32;
    %assign/vec4 v0000019dd4d1c690_0, 0;
    %load/vec4 v0000019dd4d1d6d0_0;
    %muli 2, 0, 32;
    %assign/vec4 v0000019dd4d1c730_0, 0;
    %pushi/vec4 1, 0, 1;
    %assign/vec4 v0000019dd4d1c910_0, 0;
    %wait E_0000019dd4c80460;
    %pushi/vec4 0, 0, 1;
    %assign/vec4 v0000019dd4d1c910_0, 0;
T_4.18 ;
    %pushi/vec4 0, 0, 1;
    %load/vec4 v0000019dd4d1c9b0_0;
    %inv;
    %and;
    %flag_set/vec4 8;
    %jmp/0xz T_4.19, 8;
    %wait E_0000019dd4c80460;
    %jmp T_4.18;
T_4.19 ;
    %load/vec4 v0000019dd4d1d6d0_0;
    %pushi/vec4 10, 0, 32;
    %div/s;
T_4.20 %dup/vec4;
    %pushi/vec4 0, 0, 32;
    %cmp/s;
    %jmp/1xz T_4.21, 5;
    %jmp/1 T_4.21, 4;
    %pushi/vec4 1, 0, 32;
    %sub;
    %wait E_0000019dd4c80460;
    %jmp T_4.20;
T_4.21 ;
    %pop/vec4 1;
    %load/vec4 v0000019dd4d1d6d0_0;
    %muli 3, 0, 32;
    %addi 1, 0, 32;
    %cast2;
    %store/vec4 v0000019dd4d1d6d0_0, 0, 32;
    %jmp T_4.16;
T_4.17 ;
    %end;
    .scope S_0000019dd4c6f400;
t_2 %join;
    %pushi/vec4 116, 0, 32;
T_4.22 %dup/vec4;
    %pushi/vec4 0, 0, 32;
    %cmp/s;
    %jmp/1xz T_4.23, 5;
    %jmp/1 T_4.23, 4;
    %pushi/vec4 1, 0, 32;
    %sub;
    %wait E_0000019dd4c80460;
    %jmp T_4.22;
T_4.23 ;
    %pop/vec4 1;
    %pushi/vec4 10, 0, 32;
T_4.24 %dup/vec4;
    %pushi/vec4 0, 0, 32;
    %cmp/s;
    %jmp/1xz T_4.25, 5;
    %jmp/1 T_4.25, 4;
    %pushi/vec4 1, 0, 32;
    %sub;
    %vpi_func 6 205 "$urandom" 32 {0 0 0};
    %assign/vec4 v0000019dd4d1d770_0, 0;
    %vpi_func 6 206 "$urandom" 32 {0 0 0};
    %assign/vec4 v0000019dd4d1c690_0, 0;
    %vpi_func 6 207 "$urandom" 32 {0 0 0};
    %assign/vec4 v0000019dd4d1c730_0, 0;
    %pushi/vec4 1, 0, 1;
    %assign/vec4 v0000019dd4d1c910_0, 0;
    %wait E_0000019dd4c80460;
    %pushi/vec4 0, 0, 1;
    %assign/vec4 v0000019dd4d1c910_0, 0;
T_4.26 ;
    %pushi/vec4 0, 0, 1;
    %load/vec4 v0000019dd4d1c9b0_0;
    %inv;
    %and;
    %flag_set/vec4 8;
    %jmp/0xz T_4.27, 8;
    %wait E_0000019dd4c80460;
    %jmp T_4.26;
T_4.27 ;
    %vpi_func 6 220 "$urandom_range" 32, 32'sb00000000000000000000000000000000, P_0000019dd4c63d20 {0 0 0};
T_4.28 %dup/vec4;
    %pushi/vec4 0, 0, 32;
    %cmp/u;
    %jmp/1 T_4.29, 4;
    %pushi/vec4 1, 0, 32;
    %sub;
    %wait E_0000019dd4c80460;
    %jmp T_4.28;
T_4.29 ;
    %pop/vec4 1;
    %jmp T_4.24;
T_4.25 ;
    %pop/vec4 1;
    %pushi/vec4 116, 0, 32;
T_4.30 %dup/vec4;
    %pushi/vec4 0, 0, 32;
    %cmp/s;
    %jmp/1xz T_4.31, 5;
    %jmp/1 T_4.31, 4;
    %pushi/vec4 1, 0, 32;
    %sub;
    %wait E_0000019dd4c80460;
    %jmp T_4.30;
T_4.31 ;
    %pop/vec4 1;
    %pushi/vec4 0, 0, 1;
    %store/vec4 v0000019dd4d1d1d0_0, 0, 1;
    %pushi/vec4 1, 0, 1;
    %store/vec4 v0000019dd4d1db30_0, 0, 1;
    %end;
S_0000019dd4cdd4f0 .scope begin, "$ivl_for_loop0" "$ivl_for_loop0" 6 156, 6 156 0, S_0000019dd4c6f400;
 .timescale 0 0;
v0000019dd4d1c5f0_0 .var/2s "i", 31 0;
S_0000019dd4cdd810 .scope begin, "$ivl_for_loop1" "$ivl_for_loop1" 6 177, 6 177 0, S_0000019dd4c6f400;
 .timescale 0 0;
v0000019dd4d1d6d0_0 .var/2s "i", 31 0;
    .scope S_0000019dd4c1fc40;
T_5 ;
    %wait E_0000019dd4c804a0;
    %load/vec4 v0000019dd4c85a70_0;
    %flag_set/vec4 8;
    %jmp/0xz  T_5.0, 8;
    %pushi/vec4 0, 0, 4;
    %assign/vec4 v0000019dd4c85750_0, 0;
    %jmp T_5.1;
T_5.0 ;
    %load/vec4 v0000019dd4c851b0_0;
    %flag_set/vec4 8;
    %jmp/0xz  T_5.2, 8;
    %load/vec4 v0000019dd4c85750_0;
    %cmpi/e 9, 0, 4;
    %flag_mov 8, 4;
    %jmp/0 T_5.4, 8;
    %pushi/vec4 0, 0, 4;
    %jmp/1 T_5.5, 8;
T_5.4 ; End of true expr.
    %load/vec4 v0000019dd4c85750_0;
    %addi 1, 0, 4;
    %jmp/0 T_5.5, 8;
 ; End of false expr.
    %blend;
T_5.5;
    %assign/vec4 v0000019dd4c85750_0, 0;
T_5.2 ;
T_5.1 ;
    %jmp T_5;
    .thread T_5;
    .scope S_0000019dd4c1fc40;
T_6 ;
    %wait E_0000019dd4c804a0;
    %load/vec4 v0000019dd4c85a70_0;
    %flag_set/vec4 8;
    %jmp/0xz  T_6.0, 8;
    %pushi/vec4 0, 0, 4;
    %assign/vec4 v0000019dd4c85930_0, 0;
    %jmp T_6.1;
T_6.0 ;
    %load/vec4 v0000019dd4c856b0_0;
    %flag_set/vec4 8;
    %jmp/0xz  T_6.2, 8;
    %load/vec4 v0000019dd4c85930_0;
    %cmpi/e 9, 0, 4;
    %flag_mov 8, 4;
    %jmp/0 T_6.4, 8;
    %pushi/vec4 0, 0, 4;
    %jmp/1 T_6.5, 8;
T_6.4 ; End of true expr.
    %load/vec4 v0000019dd4c85930_0;
    %addi 1, 0, 4;
    %jmp/0 T_6.5, 8;
 ; End of false expr.
    %blend;
T_6.5;
    %assign/vec4 v0000019dd4c85930_0, 0;
T_6.2 ;
T_6.1 ;
    %jmp T_6;
    .thread T_6;
    .scope S_0000019dd4c1fc40;
T_7 ;
    %wait E_0000019dd4c819a0;
    %load/vec4 v0000019dd4c851b0_0;
    %flag_set/vec4 8;
    %jmp/0xz  T_7.0, 8;
    %load/vec4 v0000019dd4c85070_0;
    %load/vec4 v0000019dd4c85750_0;
    %pad/u 5;
    %ix/vec4 3;
    %ix/load 4, 0, 0; Constant delay
    %assign/vec4/a/d v0000019dd4c857f0, 0, 4;
T_7.0 ;
    %jmp T_7;
    .thread T_7;
    .scope S_0000019dd4c1fc40;
T_8 ;
    %wait E_0000019dd4c804a0;
    %load/vec4 v0000019dd4c85a70_0;
    %flag_set/vec4 8;
    %jmp/0xz  T_8.0, 8;
    %pushi/vec4 0, 0, 4;
    %assign/vec4 v0000019dd4c854d0_0, 0;
    %jmp T_8.1;
T_8.0 ;
    %load/vec4 v0000019dd4c851b0_0;
    %load/vec4 v0000019dd4c856b0_0;
    %inv;
    %and;
    %flag_set/vec4 8;
    %jmp/0xz  T_8.2, 8;
    %load/vec4 v0000019dd4c854d0_0;
    %addi 1, 0, 4;
    %assign/vec4 v0000019dd4c854d0_0, 0;
    %jmp T_8.3;
T_8.2 ;
    %load/vec4 v0000019dd4c856b0_0;
    %load/vec4 v0000019dd4c851b0_0;
    %inv;
    %and;
    %flag_set/vec4 8;
    %jmp/0xz  T_8.4, 8;
    %load/vec4 v0000019dd4c854d0_0;
    %subi 1, 0, 4;
    %assign/vec4 v0000019dd4c854d0_0, 0;
T_8.4 ;
T_8.3 ;
T_8.1 ;
    %jmp T_8;
    .thread T_8;
    .scope S_0000019dd4c8d390;
T_9 ;
    %wait E_0000019dd4c81da0;
    %load/vec4 v0000019dd4c85e30_0;
    %flag_set/vec4 8;
    %jmp/0xz  T_9.0, 8;
    %pushi/vec4 0, 0, 8;
    %assign/vec4 v0000019dd4c85bb0_0, 0;
    %jmp T_9.1;
T_9.0 ;
    %load/vec4 v0000019dd4c85bb0_0;
    %parti/s 7, 0, 2;
    %load/vec4 v0000019dd4c84f30_0;
    %concat/vec4; draw_concat_vec4
    %assign/vec4 v0000019dd4c85bb0_0, 0;
T_9.1 ;
    %jmp T_9;
    .thread T_9;
    .scope S_0000019dd4c8d520;
T_10 ;
    %wait E_0000019dd4c81d60;
    %load/vec4 v0000019dd4d1d450_0;
    %ix/load 3, 0, 0;
    %flag_set/imm 4, 0;
    %ix/load 4, 0, 0; Constant delay
    %assign/vec4/a/d v0000019dd4c852f0, 0, 4;
    %fork t_5, S_0000019dd4c65180;
    %jmp t_4;
    .scope S_0000019dd4c65180;
t_5 ;
    %pushi/vec4 1, 0, 32;
    %store/vec4 v0000019dd4c84fd0_0, 0, 32;
T_10.0 ;
    %load/vec4 v0000019dd4c84fd0_0;
    %cmpi/s 8, 0, 32;
    %jmp/0xz T_10.1, 5;
    %load/vec4 v0000019dd4c84fd0_0;
    %subi 1, 0, 32;
    %ix/vec4/s 4;
    %load/vec4a v0000019dd4c852f0, 4;
    %ix/getv/s 3, v0000019dd4c84fd0_0;
    %ix/load 4, 0, 0; Constant delay
    %assign/vec4/a/d v0000019dd4c852f0, 0, 4;
    ; show_stmt_assign_vector: Get l-value for compressed += operand
    %load/vec4 v0000019dd4c84fd0_0;
    %pushi/vec4 1, 0, 32;
    %add;
    %cast2;
    %store/vec4 v0000019dd4c84fd0_0, 0, 32;
    %jmp T_10.0;
T_10.1 ;
    %end;
    .scope S_0000019dd4c8d520;
t_4 %join;
    %jmp T_10;
    .thread T_10;
    .scope S_0000019dd4c65310;
T_11 ;
    %pushi/vec4 0, 0, 1;
    %store/vec4 v0000019dd4d1db30_0, 0, 1;
    %pushi/vec4 0, 0, 32;
    %store/vec4 v0000019dd4d1d950_0, 0, 32;
    %pushi/vec4 0, 0, 1;
    %store/vec4 v0000019dd4d1e100_0, 0, 1;
    %end;
    .thread T_11, $init;
    .scope S_0000019dd4c65310;
T_12 ;
    %pushi/vec4 1, 0, 1;
    %store/vec4 v0000019dd4d1c870_0, 0, 1;
T_12.0 ;
    %delay 5, 0;
    %load/vec4 v0000019dd4d1d1d0_0;
    %flag_set/vec4 8;
    %jmp/0xz  T_12.1, 8;
    %load/vec4 v0000019dd4d1c870_0;
    %inv;
    %store/vec4 v0000019dd4d1c870_0, 0, 1;
T_12.1 ;
    %jmp T_12.0;
    %end;
    .thread T_12;
    .scope S_0000019dd4c65310;
T_13 ;
    %vpi_call/w 6 97 "$sformat", v0000019dd4d1dbd0_0, "%s formula %0d pipe %0d fifo %0d:", "07_07_sqrt_formula_pipe_using_fifo/testbenches/formula_tb.sv", P_0000019dd4c63cb0, P_0000019dd4c63d58, P_0000019dd4c63c78 {0 0 0};
    %end;
    .thread T_13;
    .scope S_0000019dd4c65310;
T_14 ;
    %wait E_0000019dd4c80460;
    %vpi_call/w 6 248 "$write", "%s time %7d cycle %5d", v0000019dd4d1dbd0_0, $time, v0000019dd4d1d950_0 {0 0 0};
    %load/vec4 v0000019dd4d1d950_0;
    %addi 1, 0, 32;
    %cast2;
    %assign/vec4 v0000019dd4d1d950_0, 0;
    %load/vec4 v0000019dd4d1ccd0_0;
    %flag_set/vec4 8;
    %jmp/0xz  T_14.0, 8;
    %vpi_call/w 6 252 "$write", " rst" {0 0 0};
    %jmp T_14.1;
T_14.0 ;
    %vpi_call/w 6 254 "$write", "    " {0 0 0};
T_14.1 ;
    %load/vec4 v0000019dd4d1c910_0;
    %flag_set/vec4 8;
    %jmp/0xz  T_14.2, 8;
    %vpi_call/w 6 257 "$write", " arg %d %d %d", v0000019dd4d1d770_0, v0000019dd4d1c690_0, v0000019dd4d1c730_0 {0 0 0};
    %jmp T_14.3;
T_14.2 ;
    %vpi_call/w 6 259 "$write", "                                     " {0 0 0};
T_14.3 ;
    %load/vec4 v0000019dd4d1c9b0_0;
    %flag_set/vec4 8;
    %jmp/0xz  T_14.4, 8;
    %vpi_call/w 6 262 "$write", " res %d", v0000019dd4d1d3b0_0 {0 0 0};
T_14.4 ;
    %vpi_call/w 6 264 "$display" {0 0 0};
    %jmp T_14;
    .thread T_14;
    .scope S_0000019dd4c65310;
T_15 ;
    %wait E_0000019dd4c80460;
    %load/vec4 v0000019dd4d1ccd0_0;
    %flag_set/vec4 8;
    %jmp/0xz  T_15.0, 8;
    %ix/load 4, 0, 0;
    %null;
    %store/obj v0000019dd4d1da90_0;
    %pushi/vec4 1, 0, 1;
    %store/vec4 v0000019dd4d1e100_0, 0, 1;
    %jmp T_15.1;
T_15.0 ;
    %load/vec4 v0000019dd4d1e100_0;
    %flag_set/vec4 8;
    %jmp/0xz  T_15.2, 8;
    %load/vec4 v0000019dd4d1c910_0;
    %flag_set/vec4 8;
    %jmp/0xz  T_15.4, 8;
    %pushi/vec4 2, 0, 32;
    %dup/vec4;
    %pushi/vec4 1, 0, 32;
    %cmp/u;
    %jmp/1 T_15.6, 6;
    %dup/vec4;
    %pushi/vec4 2, 0, 32;
    %cmp/u;
    %jmp/1 T_15.7, 6;
    %vpi_call/w 6 295 "$error" {0 0 0};
    %jmp T_15.9;
T_15.6 ;
    %load/vec4 v0000019dd4d1d770_0;
    %load/vec4 v0000019dd4d1c690_0;
    %load/vec4 v0000019dd4d1c730_0;
    %store/vec4 v0000019dd4d1d4f0_0, 0, 32;
    %store/vec4 v0000019dd4d1ddb0_0, 0, 32;
    %store/vec4 v0000019dd4d1d310_0, 0, 32;
    %callf/vec4 TD_tb.i_formula_2_pipe_using_fifos_tb.formula_1_fn, S_0000019dd4c5ad30;
    %store/vec4 v0000019dd4d1d810_0, 0, 32;
    %jmp T_15.9;
T_15.7 ;
    %load/vec4 v0000019dd4d1d770_0;
    %load/vec4 v0000019dd4d1c690_0;
    %load/vec4 v0000019dd4d1c730_0;
    %store/vec4 v0000019dd4d1ceb0_0, 0, 32;
    %store/vec4 v0000019dd4d1cd70_0, 0, 32;
    %store/vec4 v0000019dd4d1d090_0, 0, 32;
    %callf/vec4 TD_tb.i_formula_2_pipe_using_fifos_tb.formula_2_fn, S_0000019dd4c5aec0;
    %store/vec4 v0000019dd4d1d810_0, 0, 32;
    %jmp T_15.9;
T_15.9 ;
    %pop/vec4 1;
    %ix/load 4, 0, 0;
    %load/vec4 v0000019dd4d1d810_0;
    %store/qb/v v0000019dd4d1da90_0, 4, 32;
T_15.4 ;
    %load/vec4 v0000019dd4d1c9b0_0;
    %flag_set/vec4 8;
    %jmp/0xz  T_15.10, 8;
    %vpi_func 6 303 "$size" 32, v0000019dd4d1da90_0 {0 0 0};
    %cmpi/e 0, 0, 32;
    %jmp/0xz  T_15.12, 4;
    %vpi_call/w 6 305 "$display", "FAIL %s: unexpected result %0d", v0000019dd4d1dbd0_0, v0000019dd4d1d3b0_0 {0 0 0};
    %vpi_call/w 6 308 "$finish" {0 0 0};
    %jmp T_15.13;
T_15.12 ;
    %ix/load 3, 0, 0;
    %flag_set/imm 4, 0;
    %load/dar/vec4 v0000019dd4d1da90_0;
    %store/vec4 v0000019dd4d1d810_0, 0, 32;
    %ix/load 3, 0, 0;
    %flag_set/imm 4, 0;
    %delete/elem v0000019dd4d1da90_0;
    %load/vec4 v0000019dd4d1d3b0_0;
    %load/vec4 v0000019dd4d1d810_0;
    %cmp/ne;
    %jmp/0xz  T_15.14, 6;
    %vpi_call/w 6 322 "$display", "FAIL %s: res mismatch. Expected %0d, actual %0d", v0000019dd4d1dbd0_0, v0000019dd4d1d810_0, v0000019dd4d1d3b0_0 {0 0 0};
    %vpi_call/w 6 325 "$finish" {0 0 0};
T_15.14 ;
T_15.13 ;
T_15.10 ;
T_15.2 ;
T_15.1 ;
    %jmp T_15;
    .thread T_15;
    .scope S_0000019dd4c65310;
T_16 ;
    %vpi_func 6 338 "$size" 32, v0000019dd4d1da90_0 {0 0 0};
    %cmpi/e 0, 0, 32;
    %jmp/0xz  T_16.0, 4;
    %load/vec4 v0000019dd4d1db30_0;
    %flag_set/vec4 8;
    %jmp/0xz  T_16.2, 8;
    %vpi_call/w 6 341 "$display", "PASS %s", v0000019dd4d1dbd0_0 {0 0 0};
    %jmp T_16.3;
T_16.2 ;
    %vpi_call/w 6 343 "$display", "FAIL %s: did not run or run was not completed", v0000019dd4d1dbd0_0 {0 0 0};
T_16.3 ;
    %jmp T_16.1;
T_16.0 ;
    %vpi_func 6 349 "$size" 32, v0000019dd4d1da90_0 {0 0 0};
    %vpi_call/w 6 348 "$write", "FAIL %s: data is left sitting in the model queue (%d left):", v0000019dd4d1dbd0_0, S<0,vec4,s32> {1 0 0};
    %fork t_7, S_0000019dd4c63dd0;
    %jmp t_6;
    .scope S_0000019dd4c63dd0;
t_7 ;
    %pushi/vec4 0, 0, 32;
    %store/vec4 v0000019dd4d1c2d0_0, 0, 32;
T_16.4 ;
    %load/vec4 v0000019dd4d1c2d0_0;
    %vpi_func 6 351 "$size" 32, v0000019dd4d1da90_0 {0 0 0};
    %cmp/s;
    %jmp/0xz T_16.5, 5;
    %vpi_func 6 352 "$size" 32, v0000019dd4d1da90_0 {0 0 0};
    %load/vec4 v0000019dd4d1c2d0_0;
    %sub;
    %subi 1, 0, 32;
    %ix/vec4/s 3;
    %load/dar/vec4 v0000019dd4d1da90_0;
    %vpi_call/w 6 352 "$write", " %h", S<0,vec4,u32> {1 0 0};
    ; show_stmt_assign_vector: Get l-value for compressed += operand
    %load/vec4 v0000019dd4d1c2d0_0;
    %pushi/vec4 1, 0, 32;
    %add;
    %cast2;
    %store/vec4 v0000019dd4d1c2d0_0, 0, 32;
    %jmp T_16.4;
T_16.5 ;
    %end;
    .scope S_0000019dd4c65310;
t_6 %join;
    %vpi_call/w 6 354 "$display" {0 0 0};
T_16.1 ;
    %end;
    .thread T_16, $final;
    .scope S_0000019dd4c65310;
T_17 ;
    %wait E_0000019dd4c80460;
    %load/vec4 v0000019dd4d1ccd0_0;
    %flag_set/vec4 8;
    %jmp/0xz  T_17.0, 8;
    %pushi/vec4 0, 0, 33;
    %assign/vec4 v0000019dd4d1d270_0, 0;
    %pushi/vec4 0, 0, 33;
    %assign/vec4 v0000019dd4d1c230_0, 0;
    %pushi/vec4 0, 0, 33;
    %assign/vec4 v0000019dd4d1d9f0_0, 0;
    %jmp T_17.1;
T_17.0 ;
    %load/vec4 v0000019dd4d1d270_0;
    %addi 1, 0, 33;
    %assign/vec4 v0000019dd4d1d270_0, 0;
    %load/vec4 v0000019dd4d1c910_0;
    %flag_set/vec4 8;
    %jmp/0xz  T_17.2, 8;
    %load/vec4 v0000019dd4d1c230_0;
    %addi 1, 0, 33;
    %assign/vec4 v0000019dd4d1c230_0, 0;
T_17.2 ;
    %load/vec4 v0000019dd4d1c9b0_0;
    %flag_set/vec4 8;
    %jmp/0xz  T_17.4, 8;
    %load/vec4 v0000019dd4d1d9f0_0;
    %addi 1, 0, 33;
    %assign/vec4 v0000019dd4d1d9f0_0, 0;
T_17.4 ;
T_17.1 ;
    %jmp T_17;
    .thread T_17;
    .scope S_0000019dd4c65310;
T_18 ;
    %vpi_call/w 6 384 "$display", "\012\012number of transfers : arg %0d res %0d per %0d cycles", v0000019dd4d1c230_0, v0000019dd4d1d9f0_0, v0000019dd4d1d270_0 {0 0 0};
    %end;
    .thread T_18, $final;
    .scope S_0000019dd4c65310;
T_19 ;
    %pushi/vec4 1000, 0, 32;
T_19.0 %dup/vec4;
    %pushi/vec4 0, 0, 32;
    %cmp/s;
    %jmp/1xz T_19.1, 5;
    %jmp/1 T_19.1, 4;
    %pushi/vec4 1, 0, 32;
    %sub;
    %wait E_0000019dd4c80460;
    %jmp T_19.0;
T_19.1 ;
    %pop/vec4 1;
    %vpi_call/w 6 393 "$display", "FAIL %s: timeout!", v0000019dd4d1dbd0_0 {0 0 0};
    %vpi_call/w 6 394 "$finish" {0 0 0};
    %end;
    .thread T_19;
    .scope S_0000019dd4c4c7b0;
T_20 ;
    %fork TD_tb.i_formula_2_pipe_using_fifos_tb.run, S_0000019dd4c6f400;
    %join;
    %vpi_call/w 5 48 "$finish" {0 0 0};
    %end;
    .thread T_20;
# The file index is used to find the file name in the following table.
:file_names 11;
    "N/A";
    "<interactive>";
    "-";
    "07_07_sqrt_formula_pipe_using_fifo/flip_flop_fifo_with_counter.sv";
    "07_07_sqrt_formula_pipe_using_fifo/04_09_shift_register_with_valid.sv";
    "07_07_sqrt_formula_pipe_using_fifo/testbenches/tb.sv";
    "07_07_sqrt_formula_pipe_using_fifo/testbenches/formula_tb.sv";
    "07_07_sqrt_formula_pipe_using_fifo//formula_1_fn.svh";
    "07_07_sqrt_formula_pipe_using_fifo//formula_2_fn.svh";
    "07_07_sqrt_formula_pipe_using_fifo/07_07_formula_2_pipe_using_fifos.sv";
    "07_07_sqrt_formula_pipe_using_fifo/testbenches/isqrt_fn.svh";
