#! /c/Source/iverilog-install/bin/vvp
:ivl_version "12.0 (devel)" "(s20150603-1539-g2693dd32b)";
:ivl_delay_selection "TYPICAL";
:vpi_time_precision + 0;
:vpi_module "C:\iverilog\lib\ivl\system.vpi";
:vpi_module "C:\iverilog\lib\ivl\vhdl_sys.vpi";
:vpi_module "C:\iverilog\lib\ivl\vhdl_textio.vpi";
:vpi_module "C:\iverilog\lib\ivl\v2005_math.vpi";
:vpi_module "C:\iverilog\lib\ivl\va_math.vpi";
:vpi_module "C:\iverilog\lib\ivl\v2009.vpi";
S_000002477f7acd10 .scope package, "$unit" "$unit" 2 1;
 .timescale 0 0;
S_000002477f7b2380 .scope module, "testbench" "testbench" 3 3;
 .timescale 0 0;
P_000002477f7a5ea0 .param/l "in_cnt_w" 1 3 38, +C4<00000000000000000000000000000111>;
P_000002477f7a5ed8 .param/l "n_inputs" 1 3 34, +C4<00000000000000000000000001100100>;
P_000002477f7a5f10 .param/l "n_outputs" 1 3 35, +C4<0000000000000000000000000000000000000000000000000000001100100000>;
P_000002477f7a5f48 .param/l "out_cnt_w" 1 3 40, +C4<00000000000000000000000000001010>;
P_000002477f7a5f80 .param/l "width" 1 3 32, +C4<00000000000000000000000000001000>;
v000002477f7b1aa0_0 .net "busy", 0 0, L_000002477f7b03a0;  1 drivers
v000002477f7b1b40_0 .var "clk", 0 0;
v000002477f7b1fa0_0 .var/2s "current_inputs", 31 0;
v000002477f7b2040_0 .var "d_parallel_data", 7 0;
v000002477f7b1820_0 .var "d_parallel_valid", 0 0;
v000002477f7b1960_0 .var "in_vld_cnt", 6 0;
v000002477f822310_0 .var "out_vld_cnt", 9 0;
v000002477f821f50_0 .var "parallel_data", 7 0;
v000002477f8237b0_0 .var "parallel_valid", 0 0;
v000002477f822950_0 .var/queue "queue", 1;
v000002477f822b30_0 .var "rst", 0 0;
v000002477f823530_0 .net "serial_data", 0 0, L_000002477f822130;  1 drivers
v000002477f8224f0_0 .var "serial_data_expected", 0 0;
v000002477f823490_0 .net "serial_valid", 0 0, L_000002477f821ff0;  1 drivers
v000002477f822590_0 .var/2u "was_reset", 0 0;
E_000002477f7aaf50 .event posedge, v000002477f7b16e0_0;
E_000002477f7ab090 .event negedge, v000002477f7b1780_0;
S_000002477f7b48c0 .scope begin, "$ivl_for_loop0" "$ivl_for_loop0" 3 77, 3 77 0, S_000002477f7b2380;
 .timescale 0 0;
v000002477f7b20e0_0 .var/2s "i", 31 0;
S_000002477f7b4a50 .scope module, "dut" "parallel_to_serial" 3 52, 4 16 0, S_000002477f7b2380;
 .timescale 0 0;
    .port_info 0 /INPUT 1 "clk";
    .port_info 1 /INPUT 1 "rst";
    .port_info 2 /INPUT 1 "parallel_valid";
    .port_info 3 /INPUT 8 "parallel_data";
    .port_info 4 /OUTPUT 1 "busy";
    .port_info 5 /OUTPUT 1 "serial_valid";
    .port_info 6 /OUTPUT 1 "serial_data";
P_000002477f7aa850 .param/l "width" 0 4 18, +C4<00000000000000000000000000001000>;
L_000002477f7b03a0 .functor BUFZ 1, v000002477f7b1c80_0, C4<0>, C4<0>, C4<0>;
L_000002477f7b0480 .functor NOT 1, v000002477f7b1c80_0, C4<0>, C4<0>, C4<0>;
L_000002477f7b0db0 .functor AND 1, v000002477f8237b0_0, L_000002477f7b0480, C4<1>, C4<1>;
L_000002477f7b04f0 .functor NOT 1, v000002477f7b1c80_0, C4<0>, C4<0>, C4<0>;
L_000002477f7b09c0 .functor AND 1, v000002477f8237b0_0, L_000002477f7b04f0, C4<1>, C4<1>;
v000002477f7b2220_0 .net *"_ivl_12", 0 0, L_000002477f7b04f0;  1 drivers
v000002477f7b1d20_0 .net *"_ivl_14", 0 0, L_000002477f7b09c0;  1 drivers
L_000002477f8238d8 .functor BUFT 1, C4<1>, C4<0>, C4<0>, C4<0>;
v000002477f7b1be0_0 .net/2u *"_ivl_16", 0 0, L_000002477f8238d8;  1 drivers
v000002477f7b1500_0 .net *"_ivl_2", 0 0, L_000002477f7b0480;  1 drivers
v000002477f7b1640_0 .net *"_ivl_4", 0 0, L_000002477f7b0db0;  1 drivers
v000002477f7b2180_0 .net *"_ivl_7", 0 0, L_000002477f821cd0;  1 drivers
v000002477f7b22c0_0 .net *"_ivl_9", 0 0, L_000002477f822c70;  1 drivers
v000002477f7b1f00_0 .net "busy", 0 0, L_000002477f7b03a0;  alias, 1 drivers
v000002477f7b1c80_0 .var "busy_reg", 0 0;
v000002477f7b16e0_0 .net "clk", 0 0, v000002477f7b1b40_0;  1 drivers
v000002477f7b1e60_0 .var "cnt", 2 0;
v000002477f7b1dc0_0 .var "data", 7 0;
v000002477f7b13c0_0 .net "parallel_data", 7 0, v000002477f821f50_0;  1 drivers
v000002477f7b1460_0 .net "parallel_valid", 0 0, v000002477f8237b0_0;  1 drivers
v000002477f7b1780_0 .net "rst", 0 0, v000002477f822b30_0;  1 drivers
v000002477f7b1a00_0 .net "serial_data", 0 0, L_000002477f822130;  alias, 1 drivers
v000002477f7b18c0_0 .net "serial_valid", 0 0, L_000002477f821ff0;  alias, 1 drivers
E_000002477f7aa890 .event posedge, v000002477f7b1780_0, v000002477f7b16e0_0;
L_000002477f821cd0 .part v000002477f821f50_0, 0, 1;
L_000002477f822c70 .part/v v000002477f7b1dc0_0, v000002477f7b1e60_0, 1;
L_000002477f822130 .functor MUXZ 1, L_000002477f822c70, L_000002477f821cd0, L_000002477f7b0db0, C4<>;
L_000002477f821ff0 .functor MUXZ 1, v000002477f7b1c80_0, L_000002477f8238d8, L_000002477f7b09c0, C4<>;
    .scope S_000002477f7b4a50;
T_0 ;
    %wait E_000002477f7aa890;
    %load/vec4 v000002477f7b1780_0;
    %flag_set/vec4 8;
    %jmp/0xz  T_0.0, 8;
    %pushi/vec4 0, 0, 1;
    %assign/vec4 v000002477f7b1c80_0, 0;
    %pushi/vec4 0, 0, 3;
    %assign/vec4 v000002477f7b1e60_0, 0;
    %jmp T_0.1;
T_0.0 ;
    %load/vec4 v000002477f7b1460_0;
    %load/vec4 v000002477f7b1c80_0;
    %inv;
    %and;
    %flag_set/vec4 8;
    %jmp/0xz  T_0.2, 8;
    %load/vec4 v000002477f7b13c0_0;
    %assign/vec4 v000002477f7b1dc0_0, 0;
    %pushi/vec4 1, 0, 3;
    %assign/vec4 v000002477f7b1e60_0, 0;
    %pushi/vec4 1, 0, 1;
    %assign/vec4 v000002477f7b1c80_0, 0;
    %jmp T_0.3;
T_0.2 ;
    %load/vec4 v000002477f7b1e60_0;
    %pad/u 32;
    %cmpi/ne 7, 0, 32;
    %jmp/0xz  T_0.4, 4;
    %load/vec4 v000002477f7b1e60_0;
    %addi 1, 0, 3;
    %assign/vec4 v000002477f7b1e60_0, 0;
    %jmp T_0.5;
T_0.4 ;
    %load/vec4 v000002477f7b1e60_0;
    %pad/u 32;
    %cmpi/e 7, 0, 32;
    %jmp/0xz  T_0.6, 4;
    %pushi/vec4 0, 0, 1;
    %assign/vec4 v000002477f7b1c80_0, 0;
T_0.6 ;
T_0.5 ;
T_0.3 ;
T_0.1 ;
    %jmp T_0;
    .thread T_0;
    .scope S_000002477f7b2380;
T_1 ;
    %pushi/vec4 0, 0, 1;
    %store/vec4 v000002477f822590_0, 0, 1;
    %end;
    .thread T_1, $init;
    .scope S_000002477f7b2380;
T_2 ;
    %pushi/vec4 0, 0, 1;
    %store/vec4 v000002477f7b1b40_0, 0, 1;
T_2.0 ;
    %delay 500, 0;
    %load/vec4 v000002477f7b1b40_0;
    %inv;
    %store/vec4 v000002477f7b1b40_0, 0, 1;
    %jmp T_2.0;
    %end;
    .thread T_2;
    .scope S_000002477f7b2380;
T_3 ;
    %pushi/vec4 1, 1, 1;
    %assign/vec4 v000002477f822b30_0, 0;
    %pushi/vec4 2, 0, 32;
T_3.0 %dup/vec4;
    %pushi/vec4 0, 0, 32;
    %cmp/s;
    %jmp/1xz T_3.1, 5;
    %jmp/1 T_3.1, 4;
    %pushi/vec4 1, 0, 32;
    %sub;
    %wait E_000002477f7aaf50;
    %jmp T_3.0;
T_3.1 ;
    %pop/vec4 1;
    %pushi/vec4 1, 0, 1;
    %assign/vec4 v000002477f822b30_0, 0;
    %pushi/vec4 2, 0, 32;
T_3.2 %dup/vec4;
    %pushi/vec4 0, 0, 32;
    %cmp/s;
    %jmp/1xz T_3.3, 5;
    %jmp/1 T_3.3, 4;
    %pushi/vec4 1, 0, 32;
    %sub;
    %wait E_000002477f7aaf50;
    %jmp T_3.2;
T_3.3 ;
    %pop/vec4 1;
    %pushi/vec4 0, 0, 1;
    %assign/vec4 v000002477f822b30_0, 0;
    %end;
    .thread T_3;
    .scope S_000002477f7b2380;
T_4 ;
    %wait E_000002477f7aaf50;
    %load/vec4 v000002477f822b30_0;
    %flag_set/vec4 8;
    %jmp/0xz  T_4.0, 8;
    %pushi/vec4 1, 0, 1;
    %assign/vec4 v000002477f822590_0, 0;
    %pushi/vec4 0, 0, 7;
    %assign/vec4 v000002477f7b1960_0, 0;
    %pushi/vec4 0, 0, 10;
    %assign/vec4 v000002477f822310_0, 0;
    %ix/load 4, 0, 0;
    %null;
    %store/obj v000002477f822950_0;
    %jmp T_4.1;
T_4.0 ;
    %load/vec4 v000002477f822590_0;
    %flag_set/vec4 8;
    %jmp/0xz  T_4.2, 8;
    %load/vec4 v000002477f8237b0_0;
    %flag_set/vec4 8;
    %jmp/0xz  T_4.4, 8;
    %load/vec4 v000002477f7b1960_0;
    %addi 1, 0, 7;
    %assign/vec4 v000002477f7b1960_0, 0;
    %fork t_1, S_000002477f7b48c0;
    %jmp t_0;
    .scope S_000002477f7b48c0;
t_1 ;
    %pushi/vec4 0, 0, 32;
    %store/vec4 v000002477f7b20e0_0, 0, 32;
T_4.6 ;
    %load/vec4 v000002477f7b20e0_0;
    %cmpi/s 8, 0, 32;
    %jmp/0xz T_4.7, 5;
    %ix/load 4, 0, 0;
    %load/vec4 v000002477f821f50_0;
    %load/vec4 v000002477f7b20e0_0;
    %part/s 1;
    %store/qb/v v000002477f822950_0, 4, 1;
    ; show_stmt_assign_vector: Get l-value for compressed += operand
    %load/vec4 v000002477f7b20e0_0;
    %pushi/vec4 1, 0, 32;
    %add;
    %cast2;
    %store/vec4 v000002477f7b20e0_0, 0, 32;
    %jmp T_4.6;
T_4.7 ;
    %end;
    .scope S_000002477f7b2380;
t_0 %join;
T_4.4 ;
    %load/vec4 v000002477f823490_0;
    %flag_set/vec4 8;
    %jmp/0xz  T_4.8, 8;
    %load/vec4 v000002477f822310_0;
    %addi 1, 0, 10;
    %assign/vec4 v000002477f822310_0, 0;
    %qpop/f/v v000002477f822950_0, 1;
    %store/vec4 v000002477f8224f0_0, 0, 1;
    %load/vec4 v000002477f823530_0;
    %load/vec4 v000002477f8224f0_0;
    %cmp/ne;
    %jmp/0xz  T_4.10, 6;
    %vpi_call/w 3 91 "$display", "FAIL %s", "02_08_parallel_to_serial/testbench.sv" {0 0 0};
    %vpi_func/s 3 94 "$sformatf", "serial_data:%b", v000002477f823530_0 {0 0 0};
    %vpi_func/s 3 94 "$sformatf", "serial_data_expected:%b", v000002477f8224f0_0 {0 0 0};
    %vpi_call/w 3 93 "$display", "++ TEST     => {%s, %s}", S<1,str>, S<0,str> {0 0 2};
    %vpi_call/w 3 96 "$finish", 32'sb00000000000000000000000000000001 {0 0 0};
T_4.10 ;
T_4.8 ;
T_4.2 ;
T_4.1 ;
    %jmp T_4;
    .thread T_4;
    .scope S_000002477f7b2380;
T_5 ;
    %vpi_call/w 3 116 "$dumpvars" {0 0 0};
    %pushi/vec4 0, 0, 1;
    %assign/vec4 v000002477f8237b0_0, 0;
    %pushi/vec4 255, 255, 8;
    %assign/vec4 v000002477f821f50_0, 0;
    %pushi/vec4 0, 0, 8;
    %store/vec4 v000002477f7b2040_0, 0, 8;
    %wait E_000002477f7ab090;
T_5.0 ;
    %load/vec4 v000002477f7b1fa0_0;
    %cmpi/ne 100, 0, 32;
    %jmp/0xz T_5.1, 4;
    %load/vec4 v000002477f7b1fa0_0;
    %cmpi/s 10, 0, 32;
    %flag_or 5, 4;
    %jmp/0xz  T_5.2, 5;
    %pushi/vec4 1, 0, 1;
    %store/vec4 v000002477f7b1820_0, 0, 1;
    %pushi/vec4 255, 0, 8;
    %load/vec4 v000002477f7b2040_0;
    %sub;
    %store/vec4 v000002477f7b2040_0, 0, 8;
    %jmp T_5.3;
T_5.2 ;
    %vpi_func 3 135 "$urandom" 32 {0 0 0};
    %pad/u 1;
    %store/vec4 v000002477f7b1820_0, 0, 1;
    %vpi_func 3 136 "$urandom" 32 {0 0 0};
    %pad/u 8;
    %store/vec4 v000002477f7b2040_0, 0, 8;
T_5.3 ;
    ; show_stmt_assign_vector: Get l-value for compressed += operand
    %load/vec4 v000002477f7b1fa0_0;
    %load/vec4 v000002477f7b1820_0;
    %pad/u 32;
    %cast2;
    %add;
    %cast2;
    %store/vec4 v000002477f7b1fa0_0, 0, 32;
    %load/vec4 v000002477f7b1820_0;
    %assign/vec4 v000002477f8237b0_0, 0;
    %load/vec4 v000002477f7b1820_0;
    %flag_set/vec4 8;
    %jmp/0 T_5.4, 8;
    %load/vec4 v000002477f7b2040_0;
    %jmp/1 T_5.5, 8;
T_5.4 ; End of true expr.
    %pushi/vec4 255, 255, 8;
    %jmp/0 T_5.5, 8;
 ; End of false expr.
    %blend;
T_5.5;
    %assign/vec4 v000002477f821f50_0, 0;
    %wait E_000002477f7aaf50;
    %pushi/vec4 0, 0, 1;
    %assign/vec4 v000002477f8237b0_0, 0;
    %delay 10, 0;
T_5.6 ;
    %load/vec4 v000002477f7b1aa0_0;
    %cmpi/e 1, 0, 1;
    %jmp/0xz T_5.7, 6;
    %wait E_000002477f7aaf50;
    %delay 10, 0;
    %jmp T_5.6;
T_5.7 ;
    %jmp T_5.0;
T_5.1 ;
    %pushi/vec4 0, 0, 1;
    %assign/vec4 v000002477f8237b0_0, 0;
    %wait E_000002477f7aaf50;
    %wait E_000002477f7aaf50;
    %load/vec4 v000002477f7b1960_0;
    %pad/u 32;
    %muli 8, 0, 32;
    %pad/u 10;
    %load/vec4 v000002477f822310_0;
    %cmp/ne;
    %jmp/0xz  T_5.8, 6;
    %vpi_call/w 3 167 "$display", "FAIL %s", "02_08_parallel_to_serial/testbench.sv" {0 0 0};
    %load/vec4 v000002477f7b1960_0;
    %pad/u 32;
    %muli 8, 0, 32;
    %vpi_func/s 3 169 "$sformatf", "in_vld_cnt * width:%0d", S<0,vec4,u32> {1 0 0};
    %vpi_func/s 3 169 "$sformatf", "out_vld_cnt:%0d", v000002477f822310_0 {0 0 0};
    %vpi_call/w 3 169 "$display", "++ TEST     => {%s != %s}", S<1,str>, S<0,str> {0 0 2};
    %vpi_call/w 3 170 "$display", "++ EXPECTED => out_vld_cnt * width == in_vld_cnt" {0 0 0};
    %vpi_call/w 3 172 "$finish", 32'sb00000000000000000000000000000001 {0 0 0};
T_5.8 ;
    %vpi_call/w 3 175 "$display", "PASS %s", "02_08_parallel_to_serial/testbench.sv" {0 0 0};
    %vpi_call/w 3 176 "$finish" {0 0 0};
    %end;
    .thread T_5;
    .scope S_000002477f7b2380;
T_6 ;
    %pushi/vec4 100000, 0, 32;
T_6.0 %dup/vec4;
    %pushi/vec4 0, 0, 32;
    %cmp/s;
    %jmp/1xz T_6.1, 5;
    %jmp/1 T_6.1, 4;
    %pushi/vec4 1, 0, 32;
    %sub;
    %wait E_000002477f7aaf50;
    %jmp T_6.0;
T_6.1 ;
    %pop/vec4 1;
    %vpi_call/w 3 185 "$display", "FAIL %s: timeout reached!", "02_08_parallel_to_serial/testbench.sv" {0 0 0};
    %vpi_call/w 3 186 "$finish" {0 0 0};
    %end;
    .thread T_6;
# The file index is used to find the file name in the following table.
:file_names 5;
    "N/A";
    "<interactive>";
    "-";
    "02_08_parallel_to_serial/testbench.sv";
    "02_08_parallel_to_serial/02_08_parallel_to_serial.sv";
