#! /c/Source/iverilog-install/bin/vvp
:ivl_version "12.0 (devel)" "(s20150603-1539-g2693dd32b)";
:ivl_delay_selection "TYPICAL";
:vpi_time_precision + 0;
:vpi_module "C:\iverilog\lib\ivl\system.vpi";
:vpi_module "C:\iverilog\lib\ivl\vhdl_sys.vpi";
:vpi_module "C:\iverilog\lib\ivl\vhdl_textio.vpi";
:vpi_module "C:\iverilog\lib\ivl\v2005_math.vpi";
:vpi_module "C:\iverilog\lib\ivl\va_math.vpi";
:vpi_module "C:\iverilog\lib\ivl\v2009.vpi";
S_00000297e42705d0 .scope package, "$unit" "$unit" 2 1;
 .timescale 0 0;
S_00000297e4224950 .scope module, "testbench" "testbench" 3 1;
 .timescale 0 0;
S_00000297e4293150 .scope module, "tb_1" "testbench_1" 3 3, 4 1 0, S_00000297e4224950;
 .timescale 0 0;
P_00000297e4275130 .param/l "data_ptr_width" 1 4 5, +C4<00000000000000000000000000000010>;
P_00000297e4275168 .param/l "n_inputs" 1 4 4, +C4<00000000000000000000000000000100>;
P_00000297e42751a0 .param/l "width" 1 4 3, +C4<00000000000000000000000000010000>;
v00000297e42dcc30_0 .var "clk", 0 0;
v00000297e42dc7d0_0 .var "current_data", 15 0;
v00000297e42dd950_0 .var/queue "data_in_queue", 16;
v00000297e42dd4f0_0 .var/queue "data_out_queue", 16;
v00000297e42dccd0_0 .var "data_ptr", 1 0;
v00000297e42dbdd0_0 .var "delays", 14 0;
v00000297e42dd770_0 .net "down_data", 15 0, L_00000297e428cdb0;  1 drivers
v00000297e42dd090_0 .net "down_vld", 0 0, L_00000297e428ca30;  1 drivers
v00000297e42dd8b0_0 .var "is_test_fail", 0 0;
v00000297e42dc550_0 .var "res", 15 0;
v00000297e42dc230_0 .var "res_expected", 15 0;
v00000297e42dd9f0_0 .var "ring_one", 3 0;
v00000297e42dd630_0 .var "rst", 0 0;
v00000297e42dc870_0 .var "running", 0 0;
v00000297e42dd310_0 .net "up_data", 63 0, L_00000297e42ff6c0;  1 drivers
v00000297e42dc0f0_0 .net "up_vlds", 3 0, L_00000297e42fea40;  1 drivers
E_00000297e4289400 .event anyedge, v00000297e42dc870_0;
E_00000297e4288b80 .event anyedge, v00000297e42dc870_0, v00000297e42dccd0_0;
E_00000297e4288d80 .event "finish";
E_00000297e4288e00 .event "all_combination_done";
L_00000297e42ff440 .part v00000297e42dd9f0_0, 0, 1;
L_00000297e4300200 .part v00000297e42dbdd0_0, 0, 2;
L_00000297e42ffee0 .part v00000297e42dd9f0_0, 1, 1;
L_00000297e4300160 .part v00000297e42dbdd0_0, 3, 2;
L_00000297e42ff800 .part v00000297e42dd9f0_0, 2, 1;
L_00000297e42ff120 .part v00000297e42dbdd0_0, 6, 2;
L_00000297e4300340 .part v00000297e42dd9f0_0, 3, 1;
L_00000297e42feea0 .part v00000297e42dbdd0_0, 9, 2;
L_00000297e42fea40 .concat8 [ 1 1 1 1], v00000297e4282ea0_0, v00000297e4273870_0, v00000297e4274090_0, v00000297e42dcb90_0;
L_00000297e42ff6c0 .concat8 [ 16 16 16 16], v00000297e4282d60_0, v00000297e4281d20_0, v00000297e4273910_0, v00000297e42dd450_0;
S_00000297e424e3a0 .scope begin, "$ivl_for_loop1" "$ivl_for_loop1" 4 109, 4 109 0, S_00000297e4293150;
 .timescale 0 0;
v00000297e4283120_0 .var/2s "i", 31 0;
S_00000297e424e530 .scope begin, "$ivl_for_loop2" "$ivl_for_loop2" 4 215, 4 215 0, S_00000297e4293150;
 .timescale 0 0;
v00000297e4282540_0 .var/2s "l", 31 0;
S_00000297e42343f0 .scope module, "DUT" "put_in_order" 4 15, 5 15 0, S_00000297e4293150;
 .timescale 0 0;
    .port_info 0 /INPUT 1 "clk";
    .port_info 1 /INPUT 1 "rst";
    .port_info 2 /INPUT 4 "up_vlds";
    .port_info 3 /INPUT 64 "up_data";
    .port_info 4 /OUTPUT 1 "down_vld";
    .port_info 5 /OUTPUT 16 "down_data";
P_00000297e41d98a0 .param/l "n_inputs" 0 5 18, +C4<00000000000000000000000000000100>;
P_00000297e41d98d8 .param/l "width" 0 5 17, +C4<00000000000000000000000000010000>;
L_00000297e428ca30 .functor BUFZ 1, v00000297e4281e60_0, C4<0>, C4<0>, C4<0>;
L_00000297e428cdb0 .functor BUFZ 16, v00000297e42829a0_0, C4<0000000000000000>, C4<0000000000000000>, C4<0000000000000000>;
v00000297e42833a0_0 .net "clk", 0 0, v00000297e42dcc30_0;  1 drivers
v00000297e42834e0_0 .net "down_data", 15 0, L_00000297e428cdb0;  alias, 1 drivers
v00000297e42829a0_0 .var "down_data_ff", 15 0;
v00000297e4283080_0 .net "down_vld", 0 0, L_00000297e428ca30;  alias, 1 drivers
v00000297e4281e60_0 .var "down_vld_ff", 0 0;
v00000297e4282360_0 .var "order_cnt", 1 0;
v00000297e4283620_0 .net "rst", 0 0, v00000297e42dd630_0;  1 drivers
v00000297e4282400_0 .net "up_data", 63 0, L_00000297e42ff6c0;  alias, 1 drivers
v00000297e4283300 .array "up_data_ff", 0 3, 15 0;
v00000297e4283760_0 .var "up_vld_ff", 3 0;
v00000297e4281a00_0 .net "up_vlds", 3 0, L_00000297e42fea40;  alias, 1 drivers
E_00000297e428a900 .event posedge, v00000297e4283620_0, v00000297e42833a0_0;
S_00000297e4234580 .scope begin, "$ivl_for_loop0" "$ivl_for_loop0" 5 39, 5 39 0, S_00000297e42343f0;
 .timescale 0 0;
v00000297e4281be0_0 .var/2s "i", 31 0;
S_00000297e4233a80 .scope generate, "input_generator[0]" "input_generator[0]" 4 129, 4 129 0, S_00000297e4293150;
 .timescale 0 0;
P_00000297e4289b00 .param/l "i" 0 4 129, +C4<00>;
S_00000297e4233c10 .scope module, "r_delay" "delay_data_model" 4 131, 6 10 0, S_00000297e4233a80;
 .timescale 0 0;
    .port_info 0 /INPUT 1 "clk";
    .port_info 1 /INPUT 1 "rst";
    .port_info 2 /INPUT 1 "vld_in";
    .port_info 3 /INPUT 2 "out_delay";
    .port_info 4 /INPUT 16 "data_in";
    .port_info 5 /OUTPUT 1 "vld_out";
    .port_info 6 /OUTPUT 16 "data_out";
P_00000297e4290260 .param/l "delay_width" 0 6 14, +C4<00000000000000000000000000000010>;
P_00000297e4290298 .param/l "n_inputs" 0 6 13, +C4<00000000000000000000000000000100>;
P_00000297e42902d0 .param/l "width" 0 6 12, +C4<00000000000000000000000000010000>;
v00000297e4283800_0 .net *"_ivl_15", 0 0, L_00000297e42ff4e0;  1 drivers
v00000297e4281960_0 .net *"_ivl_2", 0 0, L_00000297e42ff760;  1 drivers
v00000297e4282ae0_0 .net "clk", 0 0, v00000297e42dcc30_0;  alias, 1 drivers
v00000297e42825e0_0 .net "data_in", 15 0, v00000297e42dc7d0_0;  1 drivers
v00000297e4282fe0_0 .var "data_lock", 15 0;
v00000297e4282d60_0 .var "data_out", 15 0;
v00000297e4282cc0_0 .var "delay", 1 0;
v00000297e4282b80_0 .net "out_delay", 1 0, L_00000297e4300200;  1 drivers
v00000297e4282e00_0 .var "ready", 0 0;
v00000297e4281aa0_0 .net "rst", 0 0, v00000297e42dd630_0;  alias, 1 drivers
v00000297e4281b40_0 .net "vld_in", 0 0, L_00000297e42ff440;  1 drivers
v00000297e4282ea0_0 .var "vld_out", 0 0;
E_00000297e428a080 .event posedge, v00000297e42833a0_0;
E_00000297e4289e40 .event anyedge, L_00000297e42ff4e0;
E_00000297e428a5c0 .event anyedge, L_00000297e42ff760;
E_00000297e428a0c0 .event "delay_done";
L_00000297e42ff760 .reduce/nor v00000297e42dd630_0;
L_00000297e42ff4e0 .reduce/nor v00000297e42dd630_0;
S_00000297e422a940 .scope generate, "input_generator[1]" "input_generator[1]" 4 129, 4 129 0, S_00000297e4293150;
 .timescale 0 0;
P_00000297e428a340 .param/l "i" 0 4 129, +C4<01>;
S_00000297e422aad0 .scope module, "r_delay" "delay_data_model" 4 131, 6 10 0, S_00000297e422a940;
 .timescale 0 0;
    .port_info 0 /INPUT 1 "clk";
    .port_info 1 /INPUT 1 "rst";
    .port_info 2 /INPUT 1 "vld_in";
    .port_info 3 /INPUT 2 "out_delay";
    .port_info 4 /INPUT 16 "data_in";
    .port_info 5 /OUTPUT 1 "vld_out";
    .port_info 6 /OUTPUT 16 "data_out";
P_00000297e41f2ea0 .param/l "delay_width" 0 6 14, +C4<00000000000000000000000000000010>;
P_00000297e41f2ed8 .param/l "n_inputs" 0 6 13, +C4<00000000000000000000000000000100>;
P_00000297e41f2f10 .param/l "width" 0 6 12, +C4<00000000000000000000000000010000>;
v00000297e4281c80_0 .net *"_ivl_15", 0 0, L_00000297e42ff260;  1 drivers
v00000297e4282680_0 .net *"_ivl_2", 0 0, L_00000297e42ffa80;  1 drivers
v00000297e4281f00_0 .net "clk", 0 0, v00000297e42dcc30_0;  alias, 1 drivers
v00000297e42831c0_0 .net "data_in", 15 0, v00000297e42dc7d0_0;  alias, 1 drivers
v00000297e4282f40_0 .var "data_lock", 15 0;
v00000297e4281d20_0 .var "data_out", 15 0;
v00000297e42820e0_0 .var "delay", 1 0;
v00000297e4282180_0 .net "out_delay", 1 0, L_00000297e4300160;  1 drivers
v00000297e42827c0_0 .var "ready", 0 0;
v00000297e4282860_0 .net "rst", 0 0, v00000297e42dd630_0;  alias, 1 drivers
v00000297e4282900_0 .net "vld_in", 0 0, L_00000297e42ffee0;  1 drivers
v00000297e4273870_0 .var "vld_out", 0 0;
E_00000297e428a100 .event anyedge, L_00000297e42ff260;
E_00000297e428a7c0 .event anyedge, L_00000297e42ffa80;
E_00000297e4289b40 .event "delay_done";
L_00000297e42ffa80 .reduce/nor v00000297e42dd630_0;
L_00000297e42ff260 .reduce/nor v00000297e42dd630_0;
S_00000297e41f28d0 .scope generate, "input_generator[2]" "input_generator[2]" 4 129, 4 129 0, S_00000297e4293150;
 .timescale 0 0;
P_00000297e428a040 .param/l "i" 0 4 129, +C4<010>;
S_00000297e41f2a60 .scope module, "r_delay" "delay_data_model" 4 131, 6 10 0, S_00000297e41f28d0;
 .timescale 0 0;
    .port_info 0 /INPUT 1 "clk";
    .port_info 1 /INPUT 1 "rst";
    .port_info 2 /INPUT 1 "vld_in";
    .port_info 3 /INPUT 2 "out_delay";
    .port_info 4 /INPUT 16 "data_in";
    .port_info 5 /OUTPUT 1 "vld_out";
    .port_info 6 /OUTPUT 16 "data_out";
P_00000297e427db00 .param/l "delay_width" 0 6 14, +C4<00000000000000000000000000000010>;
P_00000297e427db38 .param/l "n_inputs" 0 6 13, +C4<00000000000000000000000000000100>;
P_00000297e427db70 .param/l "width" 0 6 12, +C4<00000000000000000000000000010000>;
v00000297e42743b0_0 .net *"_ivl_15", 0 0, L_00000297e42ff9e0;  1 drivers
v00000297e4273d70_0 .net *"_ivl_2", 0 0, L_00000297e43002a0;  1 drivers
v00000297e4274590_0 .net "clk", 0 0, v00000297e42dcc30_0;  alias, 1 drivers
v00000297e4274310_0 .net "data_in", 15 0, v00000297e42dc7d0_0;  alias, 1 drivers
v00000297e4274770_0 .var "data_lock", 15 0;
v00000297e4273910_0 .var "data_out", 15 0;
v00000297e4273e10_0 .var "delay", 1 0;
v00000297e4273a50_0 .net "out_delay", 1 0, L_00000297e42ff120;  1 drivers
v00000297e4273af0_0 .var "ready", 0 0;
v00000297e4273eb0_0 .net "rst", 0 0, v00000297e42dd630_0;  alias, 1 drivers
v00000297e4273ff0_0 .net "vld_in", 0 0, L_00000297e42ff800;  1 drivers
v00000297e4274090_0 .var "vld_out", 0 0;
E_00000297e4289a00 .event anyedge, L_00000297e42ff9e0;
E_00000297e4289b80 .event anyedge, L_00000297e43002a0;
E_00000297e428a140 .event "delay_done";
L_00000297e43002a0 .reduce/nor v00000297e42dd630_0;
L_00000297e42ff9e0 .reduce/nor v00000297e42dd630_0;
S_00000297e41f2bf0 .scope generate, "input_generator[3]" "input_generator[3]" 4 129, 4 129 0, S_00000297e4293150;
 .timescale 0 0;
P_00000297e428a600 .param/l "i" 0 4 129, +C4<011>;
S_00000297e42dbab0 .scope module, "r_delay" "delay_data_model" 4 131, 6 10 0, S_00000297e41f2bf0;
 .timescale 0 0;
    .port_info 0 /INPUT 1 "clk";
    .port_info 1 /INPUT 1 "rst";
    .port_info 2 /INPUT 1 "vld_in";
    .port_info 3 /INPUT 2 "out_delay";
    .port_info 4 /INPUT 16 "data_in";
    .port_info 5 /OUTPUT 1 "vld_out";
    .port_info 6 /OUTPUT 16 "data_out";
P_00000297e4224ae0 .param/l "delay_width" 0 6 14, +C4<00000000000000000000000000000010>;
P_00000297e4224b18 .param/l "n_inputs" 0 6 13, +C4<00000000000000000000000000000100>;
P_00000297e4224b50 .param/l "width" 0 6 12, +C4<00000000000000000000000000010000>;
v00000297e4274130_0 .net *"_ivl_15", 0 0, L_00000297e42ff580;  1 drivers
v00000297e42dca50_0 .net *"_ivl_2", 0 0, L_00000297e42fe680;  1 drivers
v00000297e42dc690_0 .net "clk", 0 0, v00000297e42dcc30_0;  alias, 1 drivers
v00000297e42dd6d0_0 .net "data_in", 15 0, v00000297e42dc7d0_0;  alias, 1 drivers
v00000297e42dc410_0 .var "data_lock", 15 0;
v00000297e42dd450_0 .var "data_out", 15 0;
v00000297e42dcaf0_0 .var "delay", 1 0;
v00000297e42dd810_0 .net "out_delay", 1 0, L_00000297e42feea0;  1 drivers
v00000297e42ddb30_0 .var "ready", 0 0;
v00000297e42dbf10_0 .net "rst", 0 0, v00000297e42dd630_0;  alias, 1 drivers
v00000297e42dc730_0 .net "vld_in", 0 0, L_00000297e4300340;  1 drivers
v00000297e42dcb90_0 .var "vld_out", 0 0;
E_00000297e4289f80 .event anyedge, L_00000297e42ff580;
E_00000297e428a780 .event anyedge, L_00000297e42fe680;
E_00000297e428a1c0 .event "delay_done";
L_00000297e42fe680 .reduce/nor v00000297e42dd630_0;
L_00000297e42ff580 .reduce/nor v00000297e42dd630_0;
S_00000297e42ddc50 .scope task, "reset" "reset" 4 39, 4 39 0, S_00000297e4293150;
 .timescale 0 0;
TD_testbench.tb_1.reset ;
    %pushi/vec4 1, 1, 1;
    %assign/vec4 v00000297e42dd630_0, 0;
    %pushi/vec4 3, 0, 32;
T_0.0 %dup/vec4;
    %pushi/vec4 0, 0, 32;
    %cmp/s;
    %jmp/1xz T_0.1, 5;
    %jmp/1 T_0.1, 4;
    %pushi/vec4 1, 0, 32;
    %sub;
    %wait E_00000297e428a080;
    %jmp T_0.0;
T_0.1 ;
    %pop/vec4 1;
    %pushi/vec4 1, 0, 1;
    %assign/vec4 v00000297e42dd630_0, 0;
    %pushi/vec4 3, 0, 32;
T_0.2 %dup/vec4;
    %pushi/vec4 0, 0, 32;
    %cmp/s;
    %jmp/1xz T_0.3, 5;
    %jmp/1 T_0.3, 4;
    %pushi/vec4 1, 0, 32;
    %sub;
    %wait E_00000297e428a080;
    %jmp T_0.2;
T_0.3 ;
    %pop/vec4 1;
    %pushi/vec4 0, 0, 1;
    %assign/vec4 v00000297e42dd630_0, 0;
    %end;
S_00000297e42deab0 .scope module, "tb_2" "testbench_2" 3 4, 7 3 0, S_00000297e4224950;
 .timescale 0 0;
P_00000297e42de920 .param/l "TIMEOUT" 1 7 219, +C4<00000000000000000010011100010000>;
P_00000297e42de958 .param/l "latency_width" 1 7 103, +C4<00000000000000000000000000000100>;
P_00000297e42de990 .param/l "max_latency" 1 7 104, C4<1010>;
P_00000297e42de9c8 .param/l "max_ptr" 1 7 101, C4<1001>;
P_00000297e42dea00 .param/l "n_inputs" 1 7 38, +C4<00000000000000000000000000001010>;
P_00000297e42dea38 .param/l "ptr_width" 1 7 100, +C4<00000000000000000000000000000100>;
P_00000297e42dea70 .param/l "width" 1 7 38, +C4<00000000000000000000000000001000>;
v00000297e42dd1d0_0 .var "clk", 0 0;
v00000297e42dbfb0_0 .var/2u "counter", 31 0;
v00000297e42dc050_0 .var/2u "cycle", 31 0;
v00000297e42dc190_0 .net "down_data", 7 0, L_00000297e428d210;  1 drivers
v00000297e42dc370_0 .var "down_data_expected", 7 0;
v00000297e42fee00_0 .net "down_vld", 0 0, L_00000297e428caa0;  1 drivers
v00000297e42fff80_0 .var "pending", 9 0;
v00000297e42fed60_0 .var "pending_data", 79 0;
v00000297e42ffd00_0 .var "pending_data_for_log", 79 0;
v00000297e42ff3a0_0 .var "pending_for_log", 9 0;
v00000297e42fef40_0 .var "pending_latency", 39 0;
v00000297e42ff080_0 .var "ptr", 3 0;
v00000297e4300020_0 .var/queue "queue", 8;
v00000297e42fefe0_0 .var "rst", 0 0;
v00000297e42ff300_0 .var "up_data", 79 0;
v00000297e42ff1c0_0 .var "up_vlds", 9 0;
v00000297e43000c0_0 .var/2u "was_reset", 0 0;
S_00000297e42dde30 .scope begin, "$ivl_for_loop6" "$ivl_for_loop6" 7 188, 7 188 0, S_00000297e42deab0;
 .timescale 0 0;
v00000297e42dc9b0_0 .var/2s "i", 31 0;
S_00000297e42dec40 .scope begin, "$ivl_for_loop7" "$ivl_for_loop7" 7 198, 7 198 0, S_00000297e42deab0;
 .timescale 0 0;
v00000297e42dc4b0_0 .var/2s "i", 31 0;
S_00000297e42de600 .scope module, "i_put_in_order" "put_in_order" 7 53, 5 15 0, S_00000297e42deab0;
 .timescale 0 0;
    .port_info 0 /INPUT 1 "clk";
    .port_info 1 /INPUT 1 "rst";
    .port_info 2 /INPUT 10 "up_vlds";
    .port_info 3 /INPUT 80 "up_data";
    .port_info 4 /OUTPUT 1 "down_vld";
    .port_info 5 /OUTPUT 8 "down_data";
P_00000297e41d9aa0 .param/l "n_inputs" 0 5 18, +C4<00000000000000000000000000001010>;
P_00000297e41d9ad8 .param/l "width" 0 5 17, +C4<00000000000000000000000000001000>;
L_00000297e428caa0 .functor BUFZ 1, v00000297e42dd270_0, C4<0>, C4<0>, C4<0>;
L_00000297e428d210 .functor BUFZ 8, v00000297e42dbc90_0, C4<00000000>, C4<00000000>, C4<00000000>;
v00000297e42dc910_0 .net "clk", 0 0, v00000297e42dd1d0_0;  1 drivers
v00000297e42dda90_0 .net "down_data", 7 0, L_00000297e428d210;  alias, 1 drivers
v00000297e42dbc90_0 .var "down_data_ff", 7 0;
v00000297e42dcd70_0 .net "down_vld", 0 0, L_00000297e428caa0;  alias, 1 drivers
v00000297e42dd270_0 .var "down_vld_ff", 0 0;
v00000297e42dc5f0_0 .var "order_cnt", 3 0;
v00000297e42dd590_0 .net "rst", 0 0, v00000297e42fefe0_0;  1 drivers
v00000297e42dcf50_0 .net "up_data", 79 0, v00000297e42ff300_0;  1 drivers
v00000297e42dbd30 .array "up_data_ff", 0 9, 7 0;
v00000297e42dbe70_0 .var "up_vld_ff", 9 0;
v00000297e42dc2d0_0 .net "up_vlds", 9 0, v00000297e42ff1c0_0;  1 drivers
E_00000297e428a240 .event posedge, v00000297e42dd590_0, v00000297e42dc910_0;
S_00000297e42ddfc0 .scope begin, "$ivl_for_loop0" "$ivl_for_loop0" 5 39, 5 39 0, S_00000297e42de600;
 .timescale 0 0;
v00000297e42dd3b0_0 .var/2s "i", 31 0;
S_00000297e42de150 .scope task, "receive" "receive" 7 60, 7 60 0, S_00000297e42deab0;
 .timescale 0 0;
E_00000297e428a8c0 .event posedge, v00000297e42dc910_0;
TD_testbench.tb_2.receive ;
T_1.4 ;
    %wait E_00000297e428a8c0;
    %load/vec4 v00000297e42fee00_0;
    %flag_set/vec4 8;
    %jmp/0xz  T_1.5, 8;
    %vpi_func 7 68 "$size" 32, v00000297e4300020_0 {0 0 0};
    %cmpi/e 0, 0, 32;
    %jmp/0xz  T_1.7, 4;
    %vpi_call/w 7 70 "$display", "FAIL %s", "06_07_put_in_order/testbench_2.sv" {0 0 0};
    %vpi_func 7 73 "$size" 32, v00000297e4300020_0 {0 0 0};
    %vpi_func/s 7 73 "$sformatf", "queue.size ():%0d", S<0,vec4,s32> {1 0 0};
    %vpi_call/w 7 72 "$display", "++ TEST     => {%s}", S<0,str> {0 0 1};
    %vpi_call/w 7 75 "$finish", 32'sb00000000000000000000000000000001 {0 0 0};
    %jmp T_1.8;
T_1.7 ;
    %qpop/f/v v00000297e4300020_0, 8;
    %store/vec4 v00000297e42dc370_0, 0, 8;
    %load/vec4 v00000297e42dc190_0;
    %load/vec4 v00000297e42dc370_0;
    %cmp/ne;
    %jmp/0xz  T_1.9, 6;
    %vpi_call/w 7 83 "$display", "FAIL %s", "06_07_put_in_order/testbench_2.sv" {0 0 0};
    %vpi_func/s 7 86 "$sformatf", "down_data:%h", v00000297e42dc190_0 {0 0 0};
    %vpi_func/s 7 86 "$sformatf", "down_data_expected:%h", v00000297e42dc370_0 {0 0 0};
    %vpi_call/w 7 85 "$display", "++ TEST     => {%s, %s}", S<1,str>, S<0,str> {0 0 2};
    %vpi_call/w 7 88 "$finish", 32'sb00000000000000000000000000000001 {0 0 0};
T_1.9 ;
T_1.8 ;
T_1.5 ;
    %jmp T_1.4;
    %end;
S_00000297e42de2e0 .scope task, "run" "run" 7 221, 7 221 0, S_00000297e42deab0;
 .timescale 0 0;
E_00000297e4289dc0 .event negedge, v00000297e42dd590_0;
TD_testbench.tb_2.run ;
    %wait E_00000297e4289dc0;
    %fork t_1, S_00000297e42de2e0;
    %fork t_2, S_00000297e42de2e0;
    %fork t_3, S_00000297e42de2e0;
    %join;
    %join/detach 2;
    %jmp t_0;
t_1 ;
    %pushi/vec4 1000, 0, 32;
    %store/vec4 v00000297e42dd130_0, 0, 32;
    %fork TD_testbench.tb_2.send, S_00000297e42de790;
    %join;
    %end;
t_2 ;
    %fork TD_testbench.tb_2.receive, S_00000297e42de150;
    %join;
    %end;
t_3 ;
    %pushi/vec4 10000, 0, 32;
T_2.11 %dup/vec4;
    %pushi/vec4 0, 0, 32;
    %cmp/s;
    %jmp/1xz T_2.12, 5;
    %jmp/1 T_2.12, 4;
    %pushi/vec4 1, 0, 32;
    %sub;
    %wait E_00000297e428a8c0;
    %jmp T_2.11;
T_2.12 ;
    %pop/vec4 1;
    %vpi_call/w 7 238 "$display", "FAIL: timeout!" {0 0 0};
    %vpi_call/w 7 239 "$finish", 32'sb00000000000000000000000000000001 {0 0 0};
    %end;
    .scope S_00000297e42de2e0;
t_0 ;
    %vpi_call/w 7 243 "$display", "\012PASS %s", "06_07_put_in_order/testbench_2.sv" {0 0 0};
    %end;
S_00000297e42de790 .scope task, "send" "send" 7 115, 7 115 0, S_00000297e42deab0;
 .timescale 0 0;
v00000297e42dd130_0 .var/2s "n_reps", 31 0;
TD_testbench.tb_2.send ;
    %pushi/vec4 0, 0, 4;
    %store/vec4 v00000297e42ff080_0, 0, 4;
    %pushi/vec4 0, 0, 10;
    %store/vec4 v00000297e42fff80_0, 0, 10;
    %fork t_5, S_00000297e42de470;
    %jmp t_4;
    .scope S_00000297e42de470;
t_5 ;
    %pushi/vec4 0, 0, 32;
    %store/vec4 v00000297e42dceb0_0, 0, 32;
T_3.13 ;
    %load/vec4 v00000297e42dceb0_0;
    %load/vec4 v00000297e42dd130_0;
    %cmp/s;
    %jmp/1 T_3.15, 5;
    %flag_mov 8, 5;
    %load/vec4 v00000297e42fff80_0;
    %cmpi/ne 0, 0, 10;
    %flag_or 4, 8;
    %flag_mov 5, 4;
T_3.15;
    %jmp/0xz T_3.14, 5;
    %fork t_7, S_00000297e42fd980;
    %jmp t_6;
    .scope S_00000297e42fd980;
t_7 ;
    %pushi/vec4 0, 0, 32;
    %store/vec4 v00000297e42dcff0_0, 0, 32;
T_3.16 ;
    %load/vec4 v00000297e42dcff0_0;
    %cmpi/s 10, 0, 32;
    %jmp/0xz T_3.17, 5;
    %load/vec4 v00000297e42fef40_0;
    %load/vec4 v00000297e42dcff0_0;
    %pad/s 34;
    %muli 4, 0, 34;
    %part/s 4;
    %pad/u 32;
    %cmpi/u 0, 0, 32;
    %flag_or 5, 4; GT is !LE
    %flag_inv 5;
    %jmp/0xz  T_3.18, 5;
    ; show_stmt_assign_vector: Get l-value for compressed -= operand
    %load/vec4 v00000297e42fef40_0;
    %load/vec4 v00000297e42dcff0_0;
    %pad/s 34;
    %muli 4, 0, 34;
    %dup/vec4;
    %ix/vec4 4;
    %flag_mov 8, 4;
    %part/u 4;
    %pushi/vec4 1, 0, 4;
    %sub;
    %flag_mov 4, 8;
    %store/vec4 v00000297e42fef40_0, 4, 4;
T_3.18 ;
    ; show_stmt_assign_vector: Get l-value for compressed += operand
    %load/vec4 v00000297e42dcff0_0;
    %pushi/vec4 1, 0, 32;
    %add;
    %cast2;
    %store/vec4 v00000297e42dcff0_0, 0, 32;
    %jmp T_3.16;
T_3.17 ;
    %end;
    .scope S_00000297e42de470;
t_6 %join;
    %vpi_func 7 128 "$urandom_range" 32, 32'sb00000000000000000000000000000000, 32'sb00000000000000000000000001100100 {0 0 0};
    %cmpi/u 80, 0, 32;
    %jmp/0xz  T_3.20, 5;
    %load/vec4 v00000297e42fff80_0;
    %load/vec4 v00000297e42ff080_0;
    %part/u 1;
    %inv;
    %flag_set/vec4 8;
    %jmp/0xz  T_3.22, 8;
    %jmp T_3.23;
T_3.22 ;
    %vpi_call/w 7 130 "$error" {0 0 0};
T_3.23 ;
    %pushi/vec4 1, 0, 1;
    %ix/getv 4, v00000297e42ff080_0;
    %store/vec4 v00000297e42fff80_0, 4, 1;
    %load/vec4 v00000297e42dbfb0_0;
    %cmpi/u 30, 0, 32;
    %jmp/0xz  T_3.24, 5;
    %load/vec4 v00000297e42dbfb0_0;
    %dup/vec4;
    %pushi/vec4 1, 0, 32;
    %add;
    %store/vec4 v00000297e42dbfb0_0, 0, 32;
    %pad/u 8;
    %load/vec4 v00000297e42ff080_0;
    %pad/u 7;
    %muli 8, 0, 7;
    %ix/vec4 4;
    %store/vec4 v00000297e42fed60_0, 4, 8;
    %jmp T_3.25;
T_3.24 ;
    %vpi_func 7 137 "$urandom" 32 {0 0 0};
    %pad/u 8;
    %load/vec4 v00000297e42ff080_0;
    %pad/u 7;
    %muli 8, 0, 7;
    %ix/vec4 4;
    %store/vec4 v00000297e42fed60_0, 4, 8;
T_3.25 ;
    %vpi_func 7 139 "$urandom_range" 32, 32'sb00000000000000000000000000000000, 32'b00000000000000000000000000001001 {0 0 0};
    %pad/u 4;
    %load/vec4 v00000297e42ff080_0;
    %pad/u 6;
    %muli 4, 0, 6;
    %ix/vec4 4;
    %store/vec4 v00000297e42fef40_0, 4, 4;
    %ix/load 4, 0, 0;
    %load/vec4 v00000297e42fed60_0;
    %load/vec4 v00000297e42ff080_0;
    %pad/u 7;
    %muli 8, 0, 7;
    %part/u 8;
    %store/qb/v v00000297e4300020_0, 4, 8;
    %load/vec4 v00000297e42ff080_0;
    %cmpi/e 9, 0, 4;
    %jmp/0xz  T_3.26, 4;
    %pushi/vec4 0, 0, 4;
    %store/vec4 v00000297e42ff080_0, 0, 4;
    %jmp T_3.27;
T_3.26 ;
    ; show_stmt_assign_vector: Get l-value for compressed += operand
    %load/vec4 v00000297e42ff080_0;
    %pushi/vec4 1, 0, 4;
    %add;
    %store/vec4 v00000297e42ff080_0, 0, 4;
T_3.27 ;
T_3.20 ;
    %pushi/vec4 0, 0, 10;
    %assign/vec4 v00000297e42ff1c0_0, 0;
    %pushi/vec4 4294967295, 4294967295, 32;
    %concati/vec4 4294967295, 4294967295, 32;
    %concati/vec4 65535, 65535, 16;
    %assign/vec4 v00000297e42ff300_0, 0;
    %fork t_9, S_00000297e42fd4d0;
    %jmp t_8;
    .scope S_00000297e42fd4d0;
t_9 ;
    %pushi/vec4 0, 0, 32;
    %store/vec4 v00000297e42dce10_0, 0, 32;
T_3.28 ;
    %load/vec4 v00000297e42dce10_0;
    %cmpi/s 10, 0, 32;
    %jmp/0xz T_3.29, 5;
    %load/vec4 v00000297e42fff80_0;
    %load/vec4 v00000297e42dce10_0;
    %part/s 1;
    %flag_set/vec4 9;
    %flag_get/vec4 9;
    %jmp/0 T_3.32, 9;
    %load/vec4 v00000297e42fef40_0;
    %load/vec4 v00000297e42dce10_0;
    %pad/s 34;
    %muli 4, 0, 34;
    %part/s 4;
    %pad/u 32;
    %pushi/vec4 0, 0, 32;
    %cmp/e;
    %flag_get/vec4 4;
    %and;
T_3.32;
    %flag_set/vec4 8;
    %jmp/0xz  T_3.30, 8;
    %pushi/vec4 0, 0, 1;
    %ix/getv/s 4, v00000297e42dce10_0;
    %store/vec4 v00000297e42fff80_0, 4, 1;
    %pushi/vec4 1, 0, 1;
    %ix/load 5, 0, 0;
    %ix/getv/s 4, v00000297e42dce10_0;
    %assign/vec4/off/d v00000297e42ff1c0_0, 4, 5;
    %load/vec4 v00000297e42fed60_0;
    %load/vec4 v00000297e42dce10_0;
    %pad/s 35;
    %muli 8, 0, 35;
    %part/s 8;
    %ix/load 5, 0, 0;
    %load/vec4 v00000297e42dce10_0;
    %pad/s 35;
    %muli 8, 0, 35;
    %ix/vec4/s 4;
    %assign/vec4/off/d v00000297e42ff300_0, 4, 5;
T_3.30 ;
    ; show_stmt_assign_vector: Get l-value for compressed += operand
    %load/vec4 v00000297e42dce10_0;
    %pushi/vec4 1, 0, 32;
    %add;
    %cast2;
    %store/vec4 v00000297e42dce10_0, 0, 32;
    %jmp T_3.28;
T_3.29 ;
    %end;
    .scope S_00000297e42de470;
t_8 %join;
    %load/vec4 v00000297e42fff80_0;
    %assign/vec4 v00000297e42ff3a0_0, 0;
    %load/vec4 v00000297e42fed60_0;
    %assign/vec4 v00000297e42ffd00_0, 0;
    %wait E_00000297e428a8c0;
    ; show_stmt_assign_vector: Get l-value for compressed += operand
    %load/vec4 v00000297e42dceb0_0;
    %pushi/vec4 1, 0, 32;
    %add;
    %cast2;
    %store/vec4 v00000297e42dceb0_0, 0, 32;
    %jmp T_3.13;
T_3.14 ;
    %end;
    .scope S_00000297e42de790;
t_4 %join;
    %pushi/vec4 0, 0, 10;
    %assign/vec4 v00000297e42ff1c0_0, 0;
    %pushi/vec4 4294967295, 4294967295, 32;
    %concati/vec4 4294967295, 4294967295, 32;
    %concati/vec4 65535, 65535, 16;
    %assign/vec4 v00000297e42ff300_0, 0;
    %pushi/vec4 10, 0, 32;
T_3.33 %dup/vec4;
    %pushi/vec4 0, 0, 32;
    %cmp/s;
    %jmp/1xz T_3.34, 5;
    %jmp/1 T_3.34, 4;
    %pushi/vec4 1, 0, 32;
    %sub;
    %wait E_00000297e428a8c0;
    %jmp T_3.33;
T_3.34 ;
    %pop/vec4 1;
    %end;
S_00000297e42de470 .scope begin, "$ivl_for_loop3" "$ivl_for_loop3" 7 120, 7 120 0, S_00000297e42de790;
 .timescale 0 0;
v00000297e42dceb0_0 .var/2s "rep", 31 0;
S_00000297e42fd980 .scope begin, "$ivl_for_loop4" "$ivl_for_loop4" 7 122, 7 122 0, S_00000297e42de470;
 .timescale 0 0;
v00000297e42dcff0_0 .var/2s "i", 31 0;
S_00000297e42fd4d0 .scope begin, "$ivl_for_loop5" "$ivl_for_loop5" 7 151, 7 151 0, S_00000297e42de470;
 .timescale 0 0;
v00000297e42dce10_0 .var/2s "i", 31 0;
    .scope S_00000297e4233c10;
T_4 ;
    %pushi/vec4 0, 0, 16;
    %assign/vec4 v00000297e4282fe0_0, 0;
    %pushi/vec4 0, 0, 2;
    %assign/vec4 v00000297e4282cc0_0, 0;
    %pushi/vec4 1, 0, 1;
    %assign/vec4 v00000297e4282e00_0, 0;
    %wait E_00000297e428a5c0;
T_4.0 ;
T_4.1 ;
    %load/vec4 v00000297e4281b40_0;
    %inv;
    %flag_set/vec4 8;
    %jmp/0xz T_4.2, 8;
    %wait E_00000297e428a080;
    %jmp T_4.1;
T_4.2 ;
    %pushi/vec4 0, 0, 1;
    %assign/vec4 v00000297e4282e00_0, 0;
    %load/vec4 v00000297e42825e0_0;
    %assign/vec4 v00000297e4282fe0_0, 0;
    %load/vec4 v00000297e4282b80_0;
    %assign/vec4 v00000297e4282cc0_0, 0;
    %load/vec4 v00000297e4282cc0_0;
    %pad/u 32;
T_4.3 %dup/vec4;
    %pushi/vec4 0, 0, 32;
    %cmp/u;
    %jmp/1 T_4.4, 4;
    %pushi/vec4 1, 0, 32;
    %sub;
    %wait E_00000297e428a080;
    %jmp T_4.3;
T_4.4 ;
    %pop/vec4 1;
    %pushi/vec4 1, 0, 1;
    %assign/vec4 v00000297e4282e00_0, 0;
    %wait E_00000297e428a080;
    %event E_00000297e428a0c0;
    %jmp T_4.0;
    %end;
    .thread T_4;
    .scope S_00000297e4233c10;
T_5 ;
    %pushi/vec4 0, 0, 1;
    %assign/vec4 v00000297e4282ea0_0, 0;
    %pushi/vec4 0, 0, 16;
    %assign/vec4 v00000297e4282d60_0, 0;
    %wait E_00000297e4289e40;
T_5.0 ;
    %wait E_00000297e428a0c0;
    %pushi/vec4 1, 0, 1;
    %assign/vec4 v00000297e4282ea0_0, 0;
    %load/vec4 v00000297e4282fe0_0;
    %assign/vec4 v00000297e4282d60_0, 0;
    %wait E_00000297e428a080;
    %pushi/vec4 0, 0, 1;
    %assign/vec4 v00000297e4282ea0_0, 0;
    %jmp T_5.0;
    %end;
    .thread T_5;
    .scope S_00000297e4233c10;
T_6 ;
T_6.0 ;
    %wait E_00000297e428a080;
    %load/vec4 v00000297e4281b40_0;
    %flag_set/vec4 9;
    %flag_get/vec4 9;
    %jmp/0 T_6.3, 9;
    %load/vec4 v00000297e4282e00_0;
    %nor/r;
    %and;
T_6.3;
    %flag_set/vec4 8;
    %jmp/0xz  T_6.1, 8;
    %vpi_call/w 6 78 "$warning", "Repeated vld_in when block in process. Current vld_in will be ignored. Time: ", $realtime {0 0 0};
T_6.1 ;
    %jmp T_6.0;
    %end;
    .thread T_6;
    .scope S_00000297e422aad0;
T_7 ;
    %pushi/vec4 0, 0, 16;
    %assign/vec4 v00000297e4282f40_0, 0;
    %pushi/vec4 0, 0, 2;
    %assign/vec4 v00000297e42820e0_0, 0;
    %pushi/vec4 1, 0, 1;
    %assign/vec4 v00000297e42827c0_0, 0;
    %wait E_00000297e428a7c0;
T_7.0 ;
T_7.1 ;
    %load/vec4 v00000297e4282900_0;
    %inv;
    %flag_set/vec4 8;
    %jmp/0xz T_7.2, 8;
    %wait E_00000297e428a080;
    %jmp T_7.1;
T_7.2 ;
    %pushi/vec4 0, 0, 1;
    %assign/vec4 v00000297e42827c0_0, 0;
    %load/vec4 v00000297e42831c0_0;
    %assign/vec4 v00000297e4282f40_0, 0;
    %load/vec4 v00000297e4282180_0;
    %assign/vec4 v00000297e42820e0_0, 0;
    %load/vec4 v00000297e42820e0_0;
    %pad/u 32;
T_7.3 %dup/vec4;
    %pushi/vec4 0, 0, 32;
    %cmp/u;
    %jmp/1 T_7.4, 4;
    %pushi/vec4 1, 0, 32;
    %sub;
    %wait E_00000297e428a080;
    %jmp T_7.3;
T_7.4 ;
    %pop/vec4 1;
    %pushi/vec4 1, 0, 1;
    %assign/vec4 v00000297e42827c0_0, 0;
    %wait E_00000297e428a080;
    %event E_00000297e4289b40;
    %jmp T_7.0;
    %end;
    .thread T_7;
    .scope S_00000297e422aad0;
T_8 ;
    %pushi/vec4 0, 0, 1;
    %assign/vec4 v00000297e4273870_0, 0;
    %pushi/vec4 0, 0, 16;
    %assign/vec4 v00000297e4281d20_0, 0;
    %wait E_00000297e428a100;
T_8.0 ;
    %wait E_00000297e4289b40;
    %pushi/vec4 1, 0, 1;
    %assign/vec4 v00000297e4273870_0, 0;
    %load/vec4 v00000297e4282f40_0;
    %assign/vec4 v00000297e4281d20_0, 0;
    %wait E_00000297e428a080;
    %pushi/vec4 0, 0, 1;
    %assign/vec4 v00000297e4273870_0, 0;
    %jmp T_8.0;
    %end;
    .thread T_8;
    .scope S_00000297e422aad0;
T_9 ;
T_9.0 ;
    %wait E_00000297e428a080;
    %load/vec4 v00000297e4282900_0;
    %flag_set/vec4 9;
    %flag_get/vec4 9;
    %jmp/0 T_9.3, 9;
    %load/vec4 v00000297e42827c0_0;
    %nor/r;
    %and;
T_9.3;
    %flag_set/vec4 8;
    %jmp/0xz  T_9.1, 8;
    %vpi_call/w 6 78 "$warning", "Repeated vld_in when block in process. Current vld_in will be ignored. Time: ", $realtime {0 0 0};
T_9.1 ;
    %jmp T_9.0;
    %end;
    .thread T_9;
    .scope S_00000297e41f2a60;
T_10 ;
    %pushi/vec4 0, 0, 16;
    %assign/vec4 v00000297e4274770_0, 0;
    %pushi/vec4 0, 0, 2;
    %assign/vec4 v00000297e4273e10_0, 0;
    %pushi/vec4 1, 0, 1;
    %assign/vec4 v00000297e4273af0_0, 0;
    %wait E_00000297e4289b80;
T_10.0 ;
T_10.1 ;
    %load/vec4 v00000297e4273ff0_0;
    %inv;
    %flag_set/vec4 8;
    %jmp/0xz T_10.2, 8;
    %wait E_00000297e428a080;
    %jmp T_10.1;
T_10.2 ;
    %pushi/vec4 0, 0, 1;
    %assign/vec4 v00000297e4273af0_0, 0;
    %load/vec4 v00000297e4274310_0;
    %assign/vec4 v00000297e4274770_0, 0;
    %load/vec4 v00000297e4273a50_0;
    %assign/vec4 v00000297e4273e10_0, 0;
    %load/vec4 v00000297e4273e10_0;
    %pad/u 32;
T_10.3 %dup/vec4;
    %pushi/vec4 0, 0, 32;
    %cmp/u;
    %jmp/1 T_10.4, 4;
    %pushi/vec4 1, 0, 32;
    %sub;
    %wait E_00000297e428a080;
    %jmp T_10.3;
T_10.4 ;
    %pop/vec4 1;
    %pushi/vec4 1, 0, 1;
    %assign/vec4 v00000297e4273af0_0, 0;
    %wait E_00000297e428a080;
    %event E_00000297e428a140;
    %jmp T_10.0;
    %end;
    .thread T_10;
    .scope S_00000297e41f2a60;
T_11 ;
    %pushi/vec4 0, 0, 1;
    %assign/vec4 v00000297e4274090_0, 0;
    %pushi/vec4 0, 0, 16;
    %assign/vec4 v00000297e4273910_0, 0;
    %wait E_00000297e4289a00;
T_11.0 ;
    %wait E_00000297e428a140;
    %pushi/vec4 1, 0, 1;
    %assign/vec4 v00000297e4274090_0, 0;
    %load/vec4 v00000297e4274770_0;
    %assign/vec4 v00000297e4273910_0, 0;
    %wait E_00000297e428a080;
    %pushi/vec4 0, 0, 1;
    %assign/vec4 v00000297e4274090_0, 0;
    %jmp T_11.0;
    %end;
    .thread T_11;
    .scope S_00000297e41f2a60;
T_12 ;
T_12.0 ;
    %wait E_00000297e428a080;
    %load/vec4 v00000297e4273ff0_0;
    %flag_set/vec4 9;
    %flag_get/vec4 9;
    %jmp/0 T_12.3, 9;
    %load/vec4 v00000297e4273af0_0;
    %nor/r;
    %and;
T_12.3;
    %flag_set/vec4 8;
    %jmp/0xz  T_12.1, 8;
    %vpi_call/w 6 78 "$warning", "Repeated vld_in when block in process. Current vld_in will be ignored. Time: ", $realtime {0 0 0};
T_12.1 ;
    %jmp T_12.0;
    %end;
    .thread T_12;
    .scope S_00000297e42dbab0;
T_13 ;
    %pushi/vec4 0, 0, 16;
    %assign/vec4 v00000297e42dc410_0, 0;
    %pushi/vec4 0, 0, 2;
    %assign/vec4 v00000297e42dcaf0_0, 0;
    %pushi/vec4 1, 0, 1;
    %assign/vec4 v00000297e42ddb30_0, 0;
    %wait E_00000297e428a780;
T_13.0 ;
T_13.1 ;
    %load/vec4 v00000297e42dc730_0;
    %inv;
    %flag_set/vec4 8;
    %jmp/0xz T_13.2, 8;
    %wait E_00000297e428a080;
    %jmp T_13.1;
T_13.2 ;
    %pushi/vec4 0, 0, 1;
    %assign/vec4 v00000297e42ddb30_0, 0;
    %load/vec4 v00000297e42dd6d0_0;
    %assign/vec4 v00000297e42dc410_0, 0;
    %load/vec4 v00000297e42dd810_0;
    %assign/vec4 v00000297e42dcaf0_0, 0;
    %load/vec4 v00000297e42dcaf0_0;
    %pad/u 32;
T_13.3 %dup/vec4;
    %pushi/vec4 0, 0, 32;
    %cmp/u;
    %jmp/1 T_13.4, 4;
    %pushi/vec4 1, 0, 32;
    %sub;
    %wait E_00000297e428a080;
    %jmp T_13.3;
T_13.4 ;
    %pop/vec4 1;
    %pushi/vec4 1, 0, 1;
    %assign/vec4 v00000297e42ddb30_0, 0;
    %wait E_00000297e428a080;
    %event E_00000297e428a1c0;
    %jmp T_13.0;
    %end;
    .thread T_13;
    .scope S_00000297e42dbab0;
T_14 ;
    %pushi/vec4 0, 0, 1;
    %assign/vec4 v00000297e42dcb90_0, 0;
    %pushi/vec4 0, 0, 16;
    %assign/vec4 v00000297e42dd450_0, 0;
    %wait E_00000297e4289f80;
T_14.0 ;
    %wait E_00000297e428a1c0;
    %pushi/vec4 1, 0, 1;
    %assign/vec4 v00000297e42dcb90_0, 0;
    %load/vec4 v00000297e42dc410_0;
    %assign/vec4 v00000297e42dd450_0, 0;
    %wait E_00000297e428a080;
    %pushi/vec4 0, 0, 1;
    %assign/vec4 v00000297e42dcb90_0, 0;
    %jmp T_14.0;
    %end;
    .thread T_14;
    .scope S_00000297e42dbab0;
T_15 ;
T_15.0 ;
    %wait E_00000297e428a080;
    %load/vec4 v00000297e42dc730_0;
    %flag_set/vec4 9;
    %flag_get/vec4 9;
    %jmp/0 T_15.3, 9;
    %load/vec4 v00000297e42ddb30_0;
    %nor/r;
    %and;
T_15.3;
    %flag_set/vec4 8;
    %jmp/0xz  T_15.1, 8;
    %vpi_call/w 6 78 "$warning", "Repeated vld_in when block in process. Current vld_in will be ignored. Time: ", $realtime {0 0 0};
T_15.1 ;
    %jmp T_15.0;
    %end;
    .thread T_15;
    .scope S_00000297e42343f0;
T_16 ;
    %wait E_00000297e428a900;
    %load/vec4 v00000297e4283620_0;
    %flag_set/vec4 8;
    %jmp/0xz  T_16.0, 8;
    %pushi/vec4 0, 0, 4;
    %assign/vec4 v00000297e4283760_0, 0;
    %jmp T_16.1;
T_16.0 ;
    %fork t_11, S_00000297e4234580;
    %jmp t_10;
    .scope S_00000297e4234580;
t_11 ;
    %pushi/vec4 0, 0, 32;
    %store/vec4 v00000297e4281be0_0, 0, 32;
T_16.2 ;
    %load/vec4 v00000297e4281be0_0;
    %cmpi/s 4, 0, 32;
    %jmp/0xz T_16.3, 5;
    %load/vec4 v00000297e4281a00_0;
    %load/vec4 v00000297e4281be0_0;
    %part/s 1;
    %flag_set/vec4 8;
    %jmp/0xz  T_16.4, 8;
    %load/vec4 v00000297e4282360_0;
    %pad/u 32;
    %load/vec4 v00000297e4281be0_0;
    %cmp/e;
    %flag_mov 8, 4;
    %jmp/0 T_16.6, 8;
    %pushi/vec4 0, 0, 1;
    %jmp/1 T_16.7, 8;
T_16.6 ; End of true expr.
    %pushi/vec4 1, 0, 1;
    %jmp/0 T_16.7, 8;
 ; End of false expr.
    %blend;
T_16.7;
    %ix/load 5, 0, 0;
    %ix/getv/s 4, v00000297e4281be0_0;
    %assign/vec4/off/d v00000297e4283760_0, 4, 5;
    %load/vec4 v00000297e4282400_0;
    %load/vec4 v00000297e4281be0_0;
    %pad/s 36;
    %muli 16, 0, 36;
    %part/s 16;
    %ix/getv/s 3, v00000297e4281be0_0;
    %ix/load 4, 0, 0; Constant delay
    %assign/vec4/a/d v00000297e4283300, 0, 4;
    %jmp T_16.5;
T_16.4 ;
    %load/vec4 v00000297e4283760_0;
    %load/vec4 v00000297e4282360_0;
    %part/u 1;
    %flag_set/vec4 8;
    %jmp/0xz  T_16.8, 8;
    %pushi/vec4 0, 0, 1;
    %ix/load 5, 0, 0;
    %ix/getv 4, v00000297e4282360_0;
    %assign/vec4/off/d v00000297e4283760_0, 4, 5;
T_16.8 ;
T_16.5 ;
    %load/vec4 v00000297e4281be0_0;
    %addi 1, 0, 32;
    %cast2;
    %store/vec4 v00000297e4281be0_0, 0, 32;
    %jmp T_16.2;
T_16.3 ;
    %end;
    .scope S_00000297e42343f0;
t_10 %join;
T_16.1 ;
    %jmp T_16;
    .thread T_16;
    .scope S_00000297e42343f0;
T_17 ;
    %wait E_00000297e428a900;
    %load/vec4 v00000297e4283620_0;
    %flag_set/vec4 8;
    %jmp/0xz  T_17.0, 8;
    %pushi/vec4 0, 0, 2;
    %assign/vec4 v00000297e4282360_0, 0;
    %jmp T_17.1;
T_17.0 ;
    %load/vec4 v00000297e4281a00_0;
    %load/vec4 v00000297e4282360_0;
    %part/u 1;
    %load/vec4 v00000297e4283760_0;
    %load/vec4 v00000297e4282360_0;
    %part/u 1;
    %or;
    %flag_set/vec4 8;
    %jmp/0xz  T_17.2, 8;
    %load/vec4 v00000297e4282360_0;
    %pad/u 32;
    %cmpi/e 3, 0, 32;
    %flag_mov 8, 4;
    %jmp/0 T_17.4, 8;
    %pushi/vec4 0, 0, 2;
    %jmp/1 T_17.5, 8;
T_17.4 ; End of true expr.
    %load/vec4 v00000297e4282360_0;
    %addi 1, 0, 2;
    %jmp/0 T_17.5, 8;
 ; End of false expr.
    %blend;
T_17.5;
    %assign/vec4 v00000297e4282360_0, 0;
    %pushi/vec4 1, 0, 1;
    %assign/vec4 v00000297e4281e60_0, 0;
    %load/vec4 v00000297e4281a00_0;
    %load/vec4 v00000297e4282360_0;
    %part/u 1;
    %flag_set/vec4 8;
    %jmp/0 T_17.6, 8;
    %load/vec4 v00000297e4282400_0;
    %load/vec4 v00000297e4282360_0;
    %pad/u 6;
    %muli 16, 0, 6;
    %part/u 16;
    %jmp/1 T_17.7, 8;
T_17.6 ; End of true expr.
    %load/vec4 v00000297e4282360_0;
    %pad/u 4;
    %ix/vec4 4;
    %load/vec4a v00000297e4283300, 4;
    %jmp/0 T_17.7, 8;
 ; End of false expr.
    %blend;
T_17.7;
    %assign/vec4 v00000297e42829a0_0, 0;
    %jmp T_17.3;
T_17.2 ;
    %pushi/vec4 0, 0, 1;
    %assign/vec4 v00000297e4281e60_0, 0;
T_17.3 ;
T_17.1 ;
    %jmp T_17;
    .thread T_17;
    .scope S_00000297e4293150;
T_18 ;
    %pushi/vec4 1, 0, 1;
    %store/vec4 v00000297e42dcc30_0, 0, 1;
T_18.0 ;
    %delay 5, 0;
    %load/vec4 v00000297e42dcc30_0;
    %inv;
    %store/vec4 v00000297e42dcc30_0, 0, 1;
    %jmp T_18.0;
    %end;
    .thread T_18;
    .scope S_00000297e4293150;
T_19 ;
    %pushi/vec4 0, 0, 2;
    %assign/vec4 v00000297e42dccd0_0, 0;
T_19.0 ;
    %load/vec4 v00000297e42dc870_0;
    %cmpi/ne 1, 0, 1;
    %jmp/0xz T_19.1, 6;
    %wait E_00000297e4289400;
    %jmp T_19.0;
T_19.1 ;
    %wait E_00000297e428a080;
T_19.2 ;
    %load/vec4 v00000297e42dccd0_0;
    %addi 1, 0, 2;
    %assign/vec4 v00000297e42dccd0_0, 0;
    %load/vec4 v00000297e42dccd0_0;
    %cmpi/u 3, 0, 2;
    %flag_inv 5; GE is !LT
    %jmp/0xz  T_19.3, 5;
    %pushi/vec4 0, 0, 2;
    %assign/vec4 v00000297e42dccd0_0, 0;
T_19.3 ;
    %wait E_00000297e428a080;
    %jmp T_19.2;
    %end;
    .thread T_19;
    .scope S_00000297e4293150;
T_20 ;
Ewait_0 .event/or E_00000297e4288b80, E_0x0;
    %wait Ewait_0;
    %pushi/vec4 0, 0, 4;
    %store/vec4 v00000297e42dd9f0_0, 0, 4;
    %load/vec4 v00000297e42dc870_0;
    %flag_set/vec4 8;
    %jmp/0xz  T_20.0, 8;
    %pushi/vec4 0, 0, 4;
    %store/vec4 v00000297e42dd9f0_0, 0, 4;
    %pushi/vec4 1, 0, 1;
    %ix/getv 4, v00000297e42dccd0_0;
    %store/vec4 v00000297e42dd9f0_0, 4, 1;
T_20.0 ;
    %jmp T_20;
    .thread T_20, $push;
    .scope S_00000297e4293150;
T_21 ;
    %wait E_00000297e428a080;
    %load/vec4 v00000297e42dd630_0;
    %flag_set/vec4 8;
    %jmp/0xz  T_21.0, 8;
    %pushi/vec4 0, 0, 16;
    %assign/vec4 v00000297e42dc7d0_0, 0;
    %jmp T_21.1;
T_21.0 ;
    %load/vec4 v00000297e42dc870_0;
    %flag_set/vec4 8;
    %jmp/0xz  T_21.2, 8;
    %load/vec4 v00000297e42dc7d0_0;
    %addi 1, 0, 16;
    %assign/vec4 v00000297e42dc7d0_0, 0;
T_21.2 ;
T_21.1 ;
    %jmp T_21;
    .thread T_21;
    .scope S_00000297e4293150;
T_22 ;
    %pushi/vec4 0, 0, 15;
    %store/vec4 v00000297e42dbdd0_0, 0, 15;
T_22.0 ;
    %load/vec4 v00000297e42dc870_0;
    %cmpi/ne 1, 0, 1;
    %jmp/0xz T_22.1, 6;
    %wait E_00000297e4289400;
    %jmp T_22.0;
T_22.1 ;
    %wait E_00000297e428a080;
T_22.2 ;
    %pushi/vec4 4, 0, 32;
T_22.3 %dup/vec4;
    %pushi/vec4 0, 0, 32;
    %cmp/s;
    %jmp/1xz T_22.4, 5;
    %jmp/1 T_22.4, 4;
    %pushi/vec4 1, 0, 32;
    %sub;
    %wait E_00000297e428a080;
    %jmp T_22.3;
T_22.4 ;
    %pop/vec4 1;
    %load/vec4 v00000297e42dbdd0_0;
    %parti/s 3, 0, 2;
    %addi 1, 0, 3;
    %ix/load 4, 0, 0;
    %flag_set/imm 4, 0;
    %store/vec4 v00000297e42dbdd0_0, 4, 3;
    %fork t_13, S_00000297e424e3a0;
    %jmp t_12;
    .scope S_00000297e424e3a0;
t_13 ;
    %pushi/vec4 0, 0, 32;
    %store/vec4 v00000297e4283120_0, 0, 32;
T_22.5 ;
    %load/vec4 v00000297e4283120_0;
    %cmpi/s 4, 0, 32;
    %jmp/0xz T_22.6, 5;
    %load/vec4 v00000297e42dbdd0_0;
    %load/vec4 v00000297e4283120_0;
    %pad/s 34;
    %muli 3, 0, 34;
    %part/s 3;
    %pad/u 32;
    %cmpi/u 4, 0, 32;
    %flag_inv 5; GE is !LT
    %jmp/0xz  T_22.7, 5;
    %pushi/vec4 0, 0, 3;
    %load/vec4 v00000297e4283120_0;
    %pad/s 34;
    %muli 3, 0, 34;
    %ix/vec4/s 4;
    %store/vec4 v00000297e42dbdd0_0, 4, 3;
    %load/vec4 v00000297e42dbdd0_0;
    %load/vec4 v00000297e4283120_0;
    %addi 1, 0, 32;
    %pad/s 34;
    %muli 3, 0, 34;
    %part/s 3;
    %addi 1, 0, 3;
    %load/vec4 v00000297e4283120_0;
    %addi 1, 0, 32;
    %pad/s 34;
    %muli 3, 0, 34;
    %ix/vec4/s 4;
    %store/vec4 v00000297e42dbdd0_0, 4, 3;
T_22.7 ;
    %load/vec4 v00000297e4283120_0;
    %addi 1, 0, 32;
    %cast2;
    %store/vec4 v00000297e4283120_0, 0, 32;
    %jmp T_22.5;
T_22.6 ;
    %end;
    .scope S_00000297e4293150;
t_12 %join;
    %load/vec4 v00000297e42dbdd0_0;
    %parti/s 3, 12, 5;
    %cmpi/u 0, 0, 3;
    %flag_or 5, 4; GT is !LE
    %flag_inv 5;
    %jmp/0xz  T_22.9, 5;
    %event E_00000297e4288e00;
T_22.9 ;
    %jmp T_22.2;
    %end;
    .thread T_22;
    .scope S_00000297e4293150;
T_23 ;
    %pushi/vec4 0, 0, 1;
    %assign/vec4 v00000297e42dc870_0, 0;
    %fork TD_testbench.tb_1.reset, S_00000297e42ddc50;
    %join;
    %pushi/vec4 1, 0, 1;
    %assign/vec4 v00000297e42dc870_0, 0;
    %wait E_00000297e4288e00;
    %pushi/vec4 0, 0, 1;
    %assign/vec4 v00000297e42dc870_0, 0;
    %pushi/vec4 5, 0, 32;
T_23.0 %dup/vec4;
    %pushi/vec4 0, 0, 32;
    %cmp/s;
    %jmp/1xz T_23.1, 5;
    %jmp/1 T_23.1, 4;
    %pushi/vec4 1, 0, 32;
    %sub;
    %wait E_00000297e428a080;
    %jmp T_23.0;
T_23.1 ;
    %pop/vec4 1;
    %event E_00000297e4288d80;
    %wait E_00000297e428a080;
    %vpi_call/w 4 170 "$finish" {0 0 0};
    %end;
    .thread T_23;
    .scope S_00000297e4293150;
T_24 ;
T_24.0 ;
    %wait E_00000297e428a080;
    %load/vec4 v00000297e42dc870_0;
    %flag_set/vec4 8;
    %jmp/0xz  T_24.1, 8;
    %ix/load 4, 0, 0;
    %load/vec4 v00000297e42dc7d0_0;
    %store/qb/v v00000297e42dd950_0, 4, 16;
T_24.1 ;
    %jmp T_24.0;
    %end;
    .thread T_24;
    .scope S_00000297e4293150;
T_25 ;
T_25.0 ;
    %wait E_00000297e428a080;
    %load/vec4 v00000297e42dd090_0;
    %flag_set/vec4 8;
    %jmp/0xz  T_25.1, 8;
    %ix/load 4, 0, 0;
    %load/vec4 v00000297e42dd770_0;
    %store/qb/v v00000297e42dd4f0_0, 4, 16;
T_25.1 ;
    %jmp T_25.0;
    %end;
    .thread T_25;
    .scope S_00000297e4293150;
T_26 ;
    %wait E_00000297e4288d80;
    %pushi/vec4 0, 0, 1;
    %store/vec4 v00000297e42dd8b0_0, 0, 1;
    %vpi_func 4 213 "$size" 32, v00000297e42dd950_0 {0 0 0};
    %vpi_call/w 4 213 "$info", "Qeueue size: %d", S<0,vec4,s32> {1 0 0};
    %fork t_15, S_00000297e424e530;
    %jmp t_14;
    .scope S_00000297e424e530;
t_15 ;
    %pushi/vec4 0, 0, 32;
    %store/vec4 v00000297e4282540_0, 0, 32;
T_26.0 ;
    %load/vec4 v00000297e4282540_0;
    %vpi_func 4 215 "$size" 32, v00000297e42dd950_0 {0 0 0};
    %cmp/s;
    %jmp/0xz T_26.1, 5;
    %qpop/f/v v00000297e42dd950_0, 16;
    %store/vec4 v00000297e42dc230_0, 0, 16;
    %qpop/f/v v00000297e42dd4f0_0, 16;
    %store/vec4 v00000297e42dc550_0, 0, 16;
    %load/vec4 v00000297e42dc230_0;
    %load/vec4 v00000297e42dc550_0;
    %cmp/ne;
    %jmp/0xz  T_26.2, 6;
    %vpi_call/w 4 220 "$warning", "Test failed. Expected output %d, but get %d", v00000297e42dc230_0, v00000297e42dc550_0 {0 0 0};
    %pushi/vec4 1, 0, 1;
    %store/vec4 v00000297e42dd8b0_0, 0, 1;
T_26.2 ;
    %load/vec4 v00000297e4282540_0;
    %addi 1, 0, 32;
    %cast2;
    %store/vec4 v00000297e4282540_0, 0, 32;
    %jmp T_26.0;
T_26.1 ;
    %end;
    .scope S_00000297e4293150;
t_14 %join;
    %load/vec4 v00000297e42dd8b0_0;
    %flag_set/vec4 8;
    %jmp/0xz  T_26.4, 8;
    %vpi_call/w 4 226 "$display", "FAIL %s - see above", "06_07_put_in_order/testbench_1.sv" {0 0 0};
    %jmp T_26.5;
T_26.4 ;
    %vpi_call/w 4 228 "$display", "PASS %s", "06_07_put_in_order/testbench_1.sv" {0 0 0};
T_26.5 ;
    %end;
    .thread T_26;
    .scope S_00000297e42de600;
T_27 ;
    %wait E_00000297e428a240;
    %load/vec4 v00000297e42dd590_0;
    %flag_set/vec4 8;
    %jmp/0xz  T_27.0, 8;
    %pushi/vec4 0, 0, 10;
    %assign/vec4 v00000297e42dbe70_0, 0;
    %jmp T_27.1;
T_27.0 ;
    %fork t_17, S_00000297e42ddfc0;
    %jmp t_16;
    .scope S_00000297e42ddfc0;
t_17 ;
    %pushi/vec4 0, 0, 32;
    %store/vec4 v00000297e42dd3b0_0, 0, 32;
T_27.2 ;
    %load/vec4 v00000297e42dd3b0_0;
    %cmpi/s 10, 0, 32;
    %jmp/0xz T_27.3, 5;
    %load/vec4 v00000297e42dc2d0_0;
    %load/vec4 v00000297e42dd3b0_0;
    %part/s 1;
    %flag_set/vec4 8;
    %jmp/0xz  T_27.4, 8;
    %load/vec4 v00000297e42dc5f0_0;
    %pad/u 32;
    %load/vec4 v00000297e42dd3b0_0;
    %cmp/e;
    %flag_mov 8, 4;
    %jmp/0 T_27.6, 8;
    %pushi/vec4 0, 0, 1;
    %jmp/1 T_27.7, 8;
T_27.6 ; End of true expr.
    %pushi/vec4 1, 0, 1;
    %jmp/0 T_27.7, 8;
 ; End of false expr.
    %blend;
T_27.7;
    %ix/load 5, 0, 0;
    %ix/getv/s 4, v00000297e42dd3b0_0;
    %assign/vec4/off/d v00000297e42dbe70_0, 4, 5;
    %load/vec4 v00000297e42dcf50_0;
    %load/vec4 v00000297e42dd3b0_0;
    %pad/s 35;
    %muli 8, 0, 35;
    %part/s 8;
    %ix/getv/s 3, v00000297e42dd3b0_0;
    %ix/load 4, 0, 0; Constant delay
    %assign/vec4/a/d v00000297e42dbd30, 0, 4;
    %jmp T_27.5;
T_27.4 ;
    %load/vec4 v00000297e42dbe70_0;
    %load/vec4 v00000297e42dc5f0_0;
    %part/u 1;
    %flag_set/vec4 8;
    %jmp/0xz  T_27.8, 8;
    %pushi/vec4 0, 0, 1;
    %ix/load 5, 0, 0;
    %ix/getv 4, v00000297e42dc5f0_0;
    %assign/vec4/off/d v00000297e42dbe70_0, 4, 5;
T_27.8 ;
T_27.5 ;
    %load/vec4 v00000297e42dd3b0_0;
    %addi 1, 0, 32;
    %cast2;
    %store/vec4 v00000297e42dd3b0_0, 0, 32;
    %jmp T_27.2;
T_27.3 ;
    %end;
    .scope S_00000297e42de600;
t_16 %join;
T_27.1 ;
    %jmp T_27;
    .thread T_27;
    .scope S_00000297e42de600;
T_28 ;
    %wait E_00000297e428a240;
    %load/vec4 v00000297e42dd590_0;
    %flag_set/vec4 8;
    %jmp/0xz  T_28.0, 8;
    %pushi/vec4 0, 0, 4;
    %assign/vec4 v00000297e42dc5f0_0, 0;
    %jmp T_28.1;
T_28.0 ;
    %load/vec4 v00000297e42dc2d0_0;
    %load/vec4 v00000297e42dc5f0_0;
    %part/u 1;
    %load/vec4 v00000297e42dbe70_0;
    %load/vec4 v00000297e42dc5f0_0;
    %part/u 1;
    %or;
    %flag_set/vec4 8;
    %jmp/0xz  T_28.2, 8;
    %load/vec4 v00000297e42dc5f0_0;
    %pad/u 32;
    %cmpi/e 9, 0, 32;
    %flag_mov 8, 4;
    %jmp/0 T_28.4, 8;
    %pushi/vec4 0, 0, 4;
    %jmp/1 T_28.5, 8;
T_28.4 ; End of true expr.
    %load/vec4 v00000297e42dc5f0_0;
    %addi 1, 0, 4;
    %jmp/0 T_28.5, 8;
 ; End of false expr.
    %blend;
T_28.5;
    %assign/vec4 v00000297e42dc5f0_0, 0;
    %pushi/vec4 1, 0, 1;
    %assign/vec4 v00000297e42dd270_0, 0;
    %load/vec4 v00000297e42dc2d0_0;
    %load/vec4 v00000297e42dc5f0_0;
    %part/u 1;
    %flag_set/vec4 8;
    %jmp/0 T_28.6, 8;
    %load/vec4 v00000297e42dcf50_0;
    %load/vec4 v00000297e42dc5f0_0;
    %pad/u 7;
    %muli 8, 0, 7;
    %part/u 8;
    %jmp/1 T_28.7, 8;
T_28.6 ; End of true expr.
    %load/vec4 v00000297e42dc5f0_0;
    %pad/u 5;
    %ix/vec4 4;
    %load/vec4a v00000297e42dbd30, 4;
    %jmp/0 T_28.7, 8;
 ; End of false expr.
    %blend;
T_28.7;
    %assign/vec4 v00000297e42dbc90_0, 0;
    %jmp T_28.3;
T_28.2 ;
    %pushi/vec4 0, 0, 1;
    %assign/vec4 v00000297e42dd270_0, 0;
T_28.3 ;
T_28.1 ;
    %jmp T_28;
    .thread T_28;
    .scope S_00000297e42deab0;
T_29 ;
    %pushi/vec4 0, 0, 1;
    %store/vec4 v00000297e43000c0_0, 0, 1;
    %pushi/vec4 0, 0, 32;
    %store/vec4 v00000297e42dbfb0_0, 0, 32;
    %pushi/vec4 0, 0, 32;
    %store/vec4 v00000297e42dc050_0, 0, 32;
    %end;
    .thread T_29, $init;
    .scope S_00000297e42deab0;
T_30 ;
    %pushi/vec4 0, 0, 1;
    %store/vec4 v00000297e42dd1d0_0, 0, 1;
T_30.0 ;
    %delay 500, 0;
    %load/vec4 v00000297e42dd1d0_0;
    %inv;
    %store/vec4 v00000297e42dd1d0_0, 0, 1;
    %jmp T_30.0;
    %end;
    .thread T_30;
    .scope S_00000297e42deab0;
T_31 ;
    %pushi/vec4 1, 1, 1;
    %assign/vec4 v00000297e42fefe0_0, 0;
    %pushi/vec4 2, 0, 32;
T_31.0 %dup/vec4;
    %pushi/vec4 0, 0, 32;
    %cmp/s;
    %jmp/1xz T_31.1, 5;
    %jmp/1 T_31.1, 4;
    %pushi/vec4 1, 0, 32;
    %sub;
    %wait E_00000297e428a8c0;
    %jmp T_31.0;
T_31.1 ;
    %pop/vec4 1;
    %pushi/vec4 1, 0, 1;
    %assign/vec4 v00000297e42fefe0_0, 0;
    %pushi/vec4 2, 0, 32;
T_31.2 %dup/vec4;
    %pushi/vec4 0, 0, 32;
    %cmp/s;
    %jmp/1xz T_31.3, 5;
    %jmp/1 T_31.3, 4;
    %pushi/vec4 1, 0, 32;
    %sub;
    %wait E_00000297e428a8c0;
    %jmp T_31.2;
T_31.3 ;
    %pop/vec4 1;
    %pushi/vec4 0, 0, 1;
    %assign/vec4 v00000297e42fefe0_0, 0;
    %end;
    .thread T_31;
    .scope S_00000297e42deab0;
T_32 ;
    %wait E_00000297e428a8c0;
    %load/vec4 v00000297e42fefe0_0;
    %flag_set/vec4 8;
    %jmp/0xz  T_32.0, 8;
    %pushi/vec4 1, 0, 1;
    %assign/vec4 v00000297e43000c0_0, 0;
T_32.0 ;
    %jmp T_32;
    .thread T_32;
    .scope S_00000297e42deab0;
T_33 ;
    %wait E_00000297e428a8c0;
    %load/vec4 v00000297e43000c0_0;
    %flag_set/vec4 8;
    %jmp/0xz  T_33.0, 8;
    %vpi_call/w 7 186 "$write", "%3d  pending  ", v00000297e42dc050_0 {0 0 0};
    %fork t_19, S_00000297e42dde30;
    %jmp t_18;
    .scope S_00000297e42dde30;
t_19 ;
    %pushi/vec4 0, 0, 32;
    %store/vec4 v00000297e42dc9b0_0, 0, 32;
T_33.2 ;
    %load/vec4 v00000297e42dc9b0_0;
    %cmpi/s 10, 0, 32;
    %jmp/0xz T_33.3, 5;
    %load/vec4 v00000297e42ff3a0_0;
    %load/vec4 v00000297e42dc9b0_0;
    %part/s 1;
    %flag_set/vec4 8;
    %jmp/0xz  T_33.4, 8;
    %load/vec4 v00000297e42ffd00_0;
    %load/vec4 v00000297e42dc9b0_0;
    %pad/s 35;
    %muli 8, 0, 35;
    %part/s 8;
    %vpi_call/w 7 190 "$write", " %h", S<0,vec4,u8> {1 0 0};
    %jmp T_33.5;
T_33.4 ;
    %vpi_call/w 7 192 "$write", "   " {0 0 0};
T_33.5 ;
    ; show_stmt_assign_vector: Get l-value for compressed += operand
    %load/vec4 v00000297e42dc9b0_0;
    %pushi/vec4 1, 0, 32;
    %add;
    %cast2;
    %store/vec4 v00000297e42dc9b0_0, 0, 32;
    %jmp T_33.2;
T_33.3 ;
    %end;
    .scope S_00000297e42deab0;
t_18 %join;
    %vpi_call/w 7 194 "$display" {0 0 0};
    %vpi_call/w 7 196 "$write", "%3d  up       ", v00000297e42dc050_0 {0 0 0};
    %fork t_21, S_00000297e42dec40;
    %jmp t_20;
    .scope S_00000297e42dec40;
t_21 ;
    %pushi/vec4 0, 0, 32;
    %store/vec4 v00000297e42dc4b0_0, 0, 32;
T_33.6 ;
    %load/vec4 v00000297e42dc4b0_0;
    %cmpi/s 10, 0, 32;
    %jmp/0xz T_33.7, 5;
    %load/vec4 v00000297e42ff1c0_0;
    %load/vec4 v00000297e42dc4b0_0;
    %part/s 1;
    %flag_set/vec4 8;
    %jmp/0xz  T_33.8, 8;
    %load/vec4 v00000297e42ff300_0;
    %load/vec4 v00000297e42dc4b0_0;
    %pad/s 35;
    %muli 8, 0, 35;
    %part/s 8;
    %vpi_call/w 7 200 "$write", " %h", S<0,vec4,u8> {1 0 0};
    %jmp T_33.9;
T_33.8 ;
    %vpi_call/w 7 202 "$write", "   " {0 0 0};
T_33.9 ;
    ; show_stmt_assign_vector: Get l-value for compressed += operand
    %load/vec4 v00000297e42dc4b0_0;
    %pushi/vec4 1, 0, 32;
    %add;
    %cast2;
    %store/vec4 v00000297e42dc4b0_0, 0, 32;
    %jmp T_33.6;
T_33.7 ;
    %end;
    .scope S_00000297e42deab0;
t_20 %join;
    %vpi_call/w 7 204 "$display" {0 0 0};
    %vpi_call/w 7 206 "$write", "%3d  down     ", v00000297e42dc050_0 {0 0 0};
    %load/vec4 v00000297e42fee00_0;
    %flag_set/vec4 8;
    %jmp/0xz  T_33.10, 8;
    %vpi_call/w 7 209 "$write", " %h", v00000297e42dc190_0 {0 0 0};
T_33.10 ;
    %vpi_call/w 7 211 "$display", "\012" {0 0 0};
T_33.0 ;
    ; show_stmt_assign_vector: Get l-value for compressed += operand
    %load/vec4 v00000297e42dc050_0;
    %pushi/vec4 1, 0, 32;
    %add;
    %cast2;
    %store/vec4 v00000297e42dc050_0, 0, 32;
    %jmp T_33;
    .thread T_33;
    .scope S_00000297e4224950;
T_34 ;
    %pushi/vec4 0, 0, 1;
    %force/vec4 v00000297e42dcc30_0;
    %fork TD_testbench.tb_2.run, S_00000297e42de2e0;
    %join;
    %release/reg v00000297e42dcc30_0, 0, 1;
    %end;
    .thread T_34;
# The file index is used to find the file name in the following table.
:file_names 8;
    "N/A";
    "<interactive>";
    "-";
    "06_07_put_in_order/testbench.sv";
    "06_07_put_in_order/testbench_1.sv";
    "06_07_put_in_order/06_07_put_in_order.sv";
    "06_07_put_in_order/delay_data_model.sv";
    "06_07_put_in_order/testbench_2.sv";
